<?xml version="1.0" encoding="UTF-8"?>
<testsuite name="Cucumber" time="1.942" tests="21" skipped="0" failures="21" errors="0">
<testcase classname="Verify user is able to accept multiple users Friends and Family request" name="Verify user is able to accept multiple users Friends and Family request - Example #1.1" time="0.108">
<failure type="java.lang.NullPointerException">
<![CDATA[java.lang.NullPointerException
	at config.BaseClass.openBrowser(BaseClass.java:32)
	at stepDefinition.HomeSteps.user_is_navigating_to_disney_application(HomeSteps.java:32)
	at ✽.User is navigating to Disney application(file:///C:/Roshini/Java-Selenium/DisneyWorldProject/resources/Features/AcceptMultipleUsers.feature:5)
]]>
</failure>
<system-out><![CDATA[
Given User is navigating to Disney application..............................failed
When click on sign in and create new account................................skipped
And scroll down and click Family list.......................................skipped
And click Add a Guest then click Disney account and Create account..........skipped
And enters title, firstname, lastname, age, email id and click done.........skipped
When user sign out Disney application.......................................skipped
And again login to with "disney123".........................................skipped
And click on notification icon and click manage invites.....................skipped
Then check invite is received...............................................skipped
And click Accept for multiple users.........................................skipped
And close the browser.......................................................skipped
]]></system-out>
</testcase>
<testcase classname="Verify user is able to accept Friends and Family request" name="Verify user is able to accept Friends and Family request - Example #1.1" time="0.019">
<failure type="java.lang.NullPointerException">
<![CDATA[java.lang.NullPointerException
	at config.BaseClass.openBrowser(BaseClass.java:32)
	at stepDefinition.HomeSteps.user_is_navigating_to_disney_application(HomeSteps.java:32)
	at ✽.User is navigating to Disney application(file:///C:/Roshini/Java-Selenium/DisneyWorldProject/resources/Features/AcceptSingleUser.feature:5)
]]>
</failure>
<system-out><![CDATA[
Given User is navigating to Disney application..............................failed
When click on sign in and create new account................................skipped
And scroll down and click Family list.......................................skipped
And click Add a Guest then click Disney account and Create account..........skipped
And enters title, firstname, lastname, age, email id and click done.........skipped
When user sign out Disney application.......................................skipped
And again login to with "disney123".........................................skipped
And click on notification icon and click manage invites.....................skipped
Then check invite is received...............................................skipped
And click Accept............................................................skipped
When user navigates to mailinator page......................................skipped
Then verify email is received...............................................skipped
And close the browser.......................................................skipped
]]></system-out>
</testcase>
<testcase classname="Verify user is able to allow search the request" name="Verify user is able to allow search the request" time="0.011">
<failure type="java.lang.NullPointerException">
<![CDATA[java.lang.NullPointerException
	at config.BaseClass.openBrowser(BaseClass.java:32)
	at stepDefinition.HomeSteps.user_is_navigating_to_disney_application(HomeSteps.java:32)
	at ✽.User is navigating to Disney application(file:///C:/Roshini/Java-Selenium/DisneyWorldProject/resources/Features/AllowSearching.feature:5)
]]>
</failure>
<system-out><![CDATA[
Given User is navigating to Disney application..............................failed
When click on sign in and create new account................................skipped
And scroll down and click Family list.......................................skipped
And click Add a Guest.......................................................skipped
And click Allow searchable..................................................skipped
When enters firstname, lastname and email...................................skipped
And click search............................................................skipped
And click send in that request..............................................skipped
And click done..............................................................skipped
And close the browser.......................................................skipped
]]></system-out>
</testcase>
<testcase classname="Verify user is able to untoggle allow friend to view your plans from Friends and Family request list" name="Verify user is able to untoggle allow friend to view your plans from Friends and Family request list - Example #1.1" time="0.041">
<failure type="java.lang.NullPointerException">
<![CDATA[java.lang.NullPointerException
	at config.BaseClass.openBrowser(BaseClass.java:32)
	at stepDefinition.HomeSteps.user_is_navigating_to_disney_application(HomeSteps.java:32)
	at ✽.User is navigating to Disney application(file:///C:/Roshini/Java-Selenium/DisneyWorldProject/resources/Features/AllowToviewYourPlans.feature:5)
]]>
</failure>
<system-out><![CDATA[
Given User is navigating to Disney application..............................failed
When click on sign in and create new account................................skipped
And scroll down and click Family list.......................................skipped
And click Add a Guest then click Disney account and Create account..........skipped
And enters title, firstname, lastname, age, email id and click done.........skipped
When user sign out Disney application.......................................skipped
And again login to with "disney123".........................................skipped
And click on notification icon and click manage invites.....................skipped
Then check invite is received...............................................skipped
And click Accept............................................................skipped
And again login to the same account.........................................skipped
And click on settings of the requested friend...............................skipped
And untoggle Allow friend to view all of your plans.........................skipped
And click save..............................................................skipped
And close the browser.......................................................skipped
]]></system-out>
</testcase>
<testcase classname="Verify user is able to check mutual guest in Friends and Family" name="Verify user is able to check mutual guest in Friends and Family" time="0.017">
<failure type="java.lang.NullPointerException">
<![CDATA[java.lang.NullPointerException
	at config.BaseClass.openBrowser(BaseClass.java:32)
	at stepDefinition.HomeSteps.user_is_navigating_to_disney_application(HomeSteps.java:32)
	at ✽.User is navigating to Disney application(file:///C:/Roshini/Java-Selenium/DisneyWorldProject/resources/Features/CheckingMutualGuest.feature:5)
]]>
</failure>
<system-out><![CDATA[
Given User is navigating to Disney application..............................failed
When click on sign in and create new account................................skipped
And scroll down and click Family list.......................................skipped
And click Add a Guest then click Disney account and Create account..........skipped
And enters title, firstname, lastname, age, email id and click done.........skipped
And enters title, firstname, lastname, age, email id and click done for second time.skipped
When user sign out Disney application.......................................skipped
And again login to second invited account...................................skipped
And click on notification icon and click manage invites.....................skipped
Then check invite is received...............................................skipped
And click Accept............................................................skipped
And again login to first invited account....................................skipped
Then check first invited guest is displayed.................................skipped
And close the browser.......................................................skipped
]]></system-out>
</testcase>
<testcase classname="Verify user is able to close settings in Friends and Family request list" name="Verify user is able to close settings in Friends and Family request list - Example #1.1" time="0.008">
<failure type="java.lang.NullPointerException">
<![CDATA[java.lang.NullPointerException
	at config.BaseClass.openBrowser(BaseClass.java:32)
	at stepDefinition.HomeSteps.user_is_navigating_to_disney_application(HomeSteps.java:32)
	at ✽.User is navigating to Disney application(file:///C:/Roshini/Java-Selenium/DisneyWorldProject/resources/Features/CloseSettings.feature:5)
]]>
</failure>
<system-out><![CDATA[
Given User is navigating to Disney application..............................failed
When click on sign in and create new account................................skipped
And scroll down and click Family list.......................................skipped
And click Add a Guest then click Disney account and Create account..........skipped
And enters title, firstname, lastname, age, email id and click done.........skipped
When user sign out Disney application.......................................skipped
And again login to with "disney123".........................................skipped
And click on notification icon and click manage invites.....................skipped
Then check invite is received...............................................skipped
And click Accept............................................................skipped
And again login to the same account.........................................skipped
And click on settings of the requested friend...............................skipped
And click close.............................................................skipped
And close the browser.......................................................skipped
]]></system-out>
</testcase>
<testcase classname="Verify user is able to connect my profiles from Friends and Family request list" name="Verify user is able to connect my profiles from Friends and Family request list - Example #1.1" time="0.012">
<failure type="java.lang.NullPointerException">
<![CDATA[java.lang.NullPointerException
	at config.BaseClass.openBrowser(BaseClass.java:32)
	at stepDefinition.HomeSteps.user_is_navigating_to_disney_application(HomeSteps.java:32)
	at ✽.User is navigating to Disney application(file:///C:/Roshini/Java-Selenium/DisneyWorldProject/resources/Features/ConnectMyManagedAccount.feature:5)
]]>
</failure>
<system-out><![CDATA[
Given User is navigating to Disney application..............................failed
When click on sign in and create new account................................skipped
And scroll down and click Family list.......................................skipped
And click Add a Guest then click Disney account and Create account..........skipped
And enters title, firstname, lastname, age, email id and click done.........skipped
When user sign out Disney application.......................................skipped
And again login to with "disney123".........................................skipped
And click on notification icon and click manage invites.....................skipped
Then check invite is received...............................................skipped
And click Accept............................................................skipped
And again login to the same account.........................................skipped
And click on settings of the requested friend...............................skipped
And close the browser.......................................................skipped
]]></system-out>
</testcase>
<testcase classname="Verify user is able to create profile you can manage" name="Verify user is able to create profile you can manage" time="0.018">
<failure type="java.lang.NullPointerException">
<![CDATA[java.lang.NullPointerException
	at config.BaseClass.openBrowser(BaseClass.java:32)
	at stepDefinition.HomeSteps.user_is_navigating_to_disney_application(HomeSteps.java:32)
	at ✽.User is navigating to Disney application(file:///C:/Roshini/Java-Selenium/DisneyWorldProject/resources/Features/CreateProfileYouManage.feature:5)
]]>
</failure>
<system-out><![CDATA[
Given User is navigating to Disney application..............................failed
When click on sign in and create new account................................skipped
And scroll down and click Family list.......................................skipped
And click Add a Guest.......................................................skipped
And click add guest who does not have an account............................skipped
When user select create profile u will manage...............................skipped
And enter all data and click done...........................................skipped
And click on settings of the requested friend...............................skipped
And enter email in invite and click done....................................skipped
And close the browser.......................................................skipped
]]></system-out>
</testcase>
<testcase classname="Verify user is able to Decline multiple users Friends and Family request" name="Verify user is able to Decline multiple users Friends and Family request - Example #1.1" time="0.012">
<failure type="java.lang.NullPointerException">
<![CDATA[java.lang.NullPointerException
	at config.BaseClass.openBrowser(BaseClass.java:32)
	at stepDefinition.HomeSteps.user_is_navigating_to_disney_application(HomeSteps.java:32)
	at ✽.User is navigating to Disney application(file:///C:/Roshini/Java-Selenium/DisneyWorldProject/resources/Features/DeclineMultipleUsers.feature:5)
]]>
</failure>
<system-out><![CDATA[
Given User is navigating to Disney application..............................failed
When click on sign in and create new account................................skipped
And scroll down and click Family list.......................................skipped
And click Add a Guest then click Disney account and Create account..........skipped
And enters title, firstname, lastname, age, email id and click done.........skipped
When user sign out Disney application.......................................skipped
And again login to with "disney123".........................................skipped
And click on notification icon and click manage invites.....................skipped
Then check invite is received...............................................skipped
And click Decline multiple users............................................skipped
And close the browser.......................................................skipped
]]></system-out>
</testcase>
<testcase classname="Verify user is able to accept Friends and Family request" name="Verify user is able to accept Friends and Family request - Example #1.1" time="0.009">
<failure type="java.lang.NullPointerException">
<![CDATA[java.lang.NullPointerException
	at config.BaseClass.openBrowser(BaseClass.java:32)
	at stepDefinition.HomeSteps.user_is_navigating_to_disney_application(HomeSteps.java:32)
	at ✽.User is navigating to Disney application(file:///C:/Roshini/Java-Selenium/DisneyWorldProject/resources/Features/DeclineSingleUser.feature:5)
]]>
</failure>
<system-out><![CDATA[
Given User is navigating to Disney application..............................failed
When click on sign in and create new account................................skipped
And scroll down and click Family list.......................................skipped
And click Add a Guest then click Disney account and Create account..........skipped
And enters title, firstname, lastname, age, email id and click done.........skipped
When user sign out Disney application.......................................skipped
And again login to with "disney123".........................................skipped
And click on notification icon and click manage invites.....................skipped
Then check invite is received...............................................skipped
And click Decline...........................................................skipped
When user navigates to mailinator page......................................skipped
Then verify email is received...............................................skipped
And close the browser.......................................................skipped
]]></system-out>
</testcase>
<testcase classname="Verify user is able to view the Family and Friends dialog box" name="Verify user is able to view the Family and Friends dialog box" time="0.006">
<failure type="java.lang.NullPointerException">
<![CDATA[java.lang.NullPointerException
	at config.BaseClass.openBrowser(BaseClass.java:32)
	at stepDefinition.HomeSteps.user_is_navigating_to_disney_application(HomeSteps.java:32)
	at ✽.User is navigating to Disney application(file:///C:/Roshini/Java-Selenium/DisneyWorldProject/resources/Features/InformationDialogBox.feature:5)
]]>
</failure>
<system-out><![CDATA[
Given User is navigating to Disney application..............................failed
When click on sign in and create new account................................skipped
And scroll down and click Family list.......................................skipped
And click what information can family and friends see.......................skipped
Then verify dialog box is displayed.........................................skipped
And close the browser.......................................................skipped
]]></system-out>
</testcase>
<testcase classname="Verify user is able to invite two guests in Friends and Family" name="Verify user is able to invite two guests in Friends and Family" time="0.016">
<failure type="java.lang.NullPointerException">
<![CDATA[java.lang.NullPointerException
	at config.BaseClass.openBrowser(BaseClass.java:32)
	at stepDefinition.HomeSteps.user_is_navigating_to_disney_application(HomeSteps.java:32)
	at ✽.User is navigating to Disney application(file:///C:/Roshini/Java-Selenium/DisneyWorldProject/resources/Features/InviteTwoGuests.feature:5)
]]>
</failure>
<system-out><![CDATA[
Given User is navigating to Disney application..............................failed
When click on sign in and create new account................................skipped
And scroll down and click Family list.......................................skipped
And click Add a Guest then click Disney account and Create account..........skipped
And enters title, firstname, lastname, age, email id and click done.........skipped
And enters title, firstname, lastname, age, email id and click done for second time.skipped
And click sent..............................................................skipped
And cancel them.............................................................skipped
When user navigates to mailinator page......................................skipped
Then verify email is received...............................................skipped
When user navigates to mailinator page for second time......................skipped
And close the browser.......................................................skipped
]]></system-out>
</testcase>
<testcase classname="Verify user is able to invite two guests in Friends and Family and resent the invite" name="Verify user is able to invite two guests in Friends and Family and resent the invite" time="0.017">
<failure type="java.lang.NullPointerException">
<![CDATA[java.lang.NullPointerException
	at config.BaseClass.openBrowser(BaseClass.java:32)
	at stepDefinition.HomeSteps.user_is_navigating_to_disney_application(HomeSteps.java:32)
	at ✽.User is navigating to Disney application(file:///C:/Roshini/Java-Selenium/DisneyWorldProject/resources/Features/InviteTwoGuestsResend.feature:5)
]]>
</failure>
<system-out><![CDATA[
Given User is navigating to Disney application..............................failed
When click on sign in and create new account................................skipped
And scroll down and click Family list.......................................skipped
And click Add a Guest then click Disney account and Create account..........skipped
And enters title, firstname, lastname, age, email id and click done.........skipped
And enters title, firstname, lastname, age, email id and click done for second time.skipped
And click sent..............................................................skipped
And resend them.............................................................skipped
When user sign out Disney application.......................................skipped
And again login to with "<password>"........................................skipped
And click on notification icon and click manage invites.....................skipped
Then check invite is received...............................................skipped
And click Accept............................................................skipped
When user navigates to mailinator page......................................skipped
Then verify email is received...............................................skipped
And again login to with another "<password>"................................skipped
When user navigates to mailinator page for second time......................skipped
And close the browser.......................................................skipped
]]></system-out>
</testcase>
<testcase classname="Verify user is able to view Friends and Family request on enabling like and search settings" name="Verify user is able to view Friends and Family request on enabling like and search settings - Example #1.1" time="0.025">
<failure type="java.lang.NullPointerException">
<![CDATA[java.lang.NullPointerException
	at config.BaseClass.openBrowser(BaseClass.java:32)
	at stepDefinition.HomeSteps.user_is_navigating_to_disney_application(HomeSteps.java:32)
	at ✽.User is navigating to Disney application(file:///C:/Roshini/Java-Selenium/DisneyWorldProject/resources/Features/LikeSettings.feature:5)
]]>
</failure>
<system-out><![CDATA[
Given User is navigating to Disney application..............................failed
When click on sign in and create new account................................skipped
And scroll down and click Family list.......................................skipped
And click like and share settings button....................................skipped
And disable share and allow toggles and click save..........................skipped
When user sign out Disney application.......................................skipped
When click on sign in and create another new account........................skipped
And click Add a Guest.......................................................skipped
When enters before registered accounts data.................................skipped
And click search............................................................skipped
Then verify user is not found...............................................skipped
And again login to the same account.........................................skipped
And enable share and allow toggles and click save...........................skipped
Then verify the user is displayed...........................................skipped
And close the browser.......................................................skipped
]]></system-out>
</testcase>
<testcase classname="Verify user is able to remove multiple guests request" name="Verify user is able to remove multiple guests request - Example #1.1" time="0.029">
<failure type="java.lang.NullPointerException">
<![CDATA[java.lang.NullPointerException
	at config.BaseClass.openBrowser(BaseClass.java:32)
	at stepDefinition.HomeSteps.user_is_navigating_to_disney_application(HomeSteps.java:32)
	at ✽.User is navigating to Disney application(file:///C:/Roshini/Java-Selenium/DisneyWorldProject/resources/Features/RemoveMultipleUsers.feature:5)
]]>
</failure>
<system-out><![CDATA[
Given User is navigating to Disney application..............................failed
When click on sign in and create new account................................skipped
And scroll down and click Family list.......................................skipped
And click Add a Guest then click Disney account and Create account..........skipped
And enters title, firstname, lastname, age, email id and click done.........skipped
When user sign out Disney application.......................................skipped
And again login to with "disney123".........................................skipped
And click on notification icon and click manage invites.....................skipped
Then check invite is received...............................................skipped
And click Accept for multiple users.........................................skipped
And click settings button and remove for multiple users.....................skipped
And close the browser.......................................................skipped
]]></system-out>
</testcase>
<testcase classname="Verify user is able to remove name from Friends and Family request list" name="Verify user is able to remove name from Friends and Family request list - Example #1.1" time="0.063">
<failure type="java.lang.NullPointerException">
<![CDATA[java.lang.NullPointerException
	at config.BaseClass.openBrowser(BaseClass.java:32)
	at stepDefinition.HomeSteps.user_is_navigating_to_disney_application(HomeSteps.java:32)
	at ✽.User is navigating to Disney application(file:///C:/Roshini/Java-Selenium/DisneyWorldProject/resources/Features/RemoveName.feature:5)
]]>
</failure>
<system-out><![CDATA[
Given User is navigating to Disney application..............................failed
When click on sign in and create new account................................skipped
And scroll down and click Family list.......................................skipped
And click Add a Guest then click Disney account and Create account..........skipped
And enters title, firstname, lastname, age, email id and click done.........skipped
When user sign out Disney application.......................................skipped
And again login to with "disney123".........................................skipped
And click on notification icon and click manage invites.....................skipped
Then check invite is received...............................................skipped
And click Accept............................................................skipped
And again login to the same account.........................................skipped
And click on settings of the requested friend...............................skipped
And click remove............................................................skipped
And close the browser.......................................................skipped
]]></system-out>
</testcase>
<testcase classname="Verify user is able to remove the request" name="Verify user is able to remove the request - Example #1.1" time="0.008">
<failure type="java.lang.NullPointerException">
<![CDATA[java.lang.NullPointerException
	at config.BaseClass.openBrowser(BaseClass.java:32)
	at stepDefinition.HomeSteps.user_is_navigating_to_disney_application(HomeSteps.java:32)
	at ✽.User is navigating to Disney application(file:///C:/Roshini/Java-Selenium/DisneyWorldProject/resources/Features/RemoveSingleUser.feature:5)
]]>
</failure>
<system-out><![CDATA[
Given User is navigating to Disney application..............................failed
When click on sign in and create new account................................skipped
And scroll down and click Family list.......................................skipped
And click Add a Guest then click Disney account and Create account..........skipped
And enters title, firstname, lastname, age, email id and click done.........skipped
When user sign out Disney application.......................................skipped
And again login to with "disney123".........................................skipped
And click on notification icon and click manage invites.....................skipped
Then check invite is received...............................................skipped
And click Accept............................................................skipped
And click settings button...................................................skipped
And click remove and click yes..............................................skipped
And close the browser.......................................................skipped
]]></system-out>
</testcase>
<testcase classname="Verify user is able to search the request" name="Verify user is able to search the request - Example #1.1" time="0.019">
<failure type="java.lang.NullPointerException">
<![CDATA[java.lang.NullPointerException
	at config.BaseClass.openBrowser(BaseClass.java:32)
	at stepDefinition.HomeSteps.user_is_navigating_to_disney_application(HomeSteps.java:32)
	at ✽.User is navigating to Disney application(file:///C:/Roshini/Java-Selenium/DisneyWorldProject/resources/Features/SearchSingleUser.feature:5)
]]>
</failure>
<system-out><![CDATA[
Given User is navigating to Disney application..............................failed
When click on sign in and create new account................................skipped
And scroll down and click Family list.......................................skipped
And click Add a Guest.......................................................skipped
When enters firstname, lastname and email...................................skipped
And click search............................................................skipped
And click send in that request..............................................skipped
And click done..............................................................skipped
When user navigates to mailinator page of "two_fnf@mailinator.com"..........skipped
Then verify email is received...............................................skipped
And close the browser.......................................................skipped
]]></system-out>
</testcase>
<testcase classname="Verify user is able to search unregistered guest in Friends and Family" name="Verify user is able to search unregistered guest in Friends and Family - Example #1.1" time="0.011">
<failure type="java.lang.NullPointerException">
<![CDATA[java.lang.NullPointerException
	at config.BaseClass.openBrowser(BaseClass.java:32)
	at stepDefinition.HomeSteps.user_is_navigating_to_disney_application(HomeSteps.java:32)
	at ✽.User is navigating to Disney application(file:///C:/Roshini/Java-Selenium/DisneyWorldProject/resources/Features/SearchUnregisteredGuest.feature:5)
]]>
</failure>
<system-out><![CDATA[
Given User is navigating to Disney application..............................failed
When click on sign in and create new account................................skipped
And scroll down and click Family list.......................................skipped
And click Add a Guest.......................................................skipped
When enters unregistered firstname, lastname and email......................skipped
And click search............................................................skipped
Then verify user is not found...............................................skipped
And click Add a Guest in search result then click Disney account and Create account.skipped
And enters age and click done...............................................skipped
When user sign out Disney application.......................................skipped
And login to with "disney123"...............................................skipped
And click on notification icon and click manage invites.....................skipped
Then check invite is received...............................................skipped
And click Accept............................................................skipped
When user navigates to mailinator page and enter searched mail..............skipped
Then verify email is received...............................................skipped
And close the browser.......................................................skipped
]]></system-out>
</testcase>
<testcase classname="Verify user is able to invite two guests in Friends and Family" name="Verify user is able to invite two guests in Friends and Family" time="0.029">
<failure type="java.lang.NullPointerException">
<![CDATA[java.lang.NullPointerException
	at config.BaseClass.openBrowser(BaseClass.java:32)
	at stepDefinition.HomeSteps.user_is_navigating_to_disney_application(HomeSteps.java:32)
	at ✽.User is navigating to Disney application(file:///C:/Roshini/Java-Selenium/DisneyWorldProject/resources/Features/SentThreeUnregisteredRequest.feature:5)
]]>
</failure>
<system-out><![CDATA[
Given User is navigating to Disney application..............................failed
When click on sign in and create new account................................skipped
And scroll down and click Family list.......................................skipped
And click Add a Guest then click Disney account and Create account..........skipped
And enters title, firstname, lastname, age, email id and click done.........skipped
And enters title, firstname, lastname, age, email id and click done for second time.skipped
And enters title, firstname, lastname, age, email id and click done for third time.skipped
And click sent..............................................................skipped
And verify three mails are sent.............................................skipped
When user navigates to mailinator page......................................skipped
Then verify email is received...............................................skipped
When user navigates to mailinator page for second time......................skipped
When user navigates to mailinator page for third time.......................skipped
And close the browser.......................................................skipped
]]></system-out>
</testcase>
<testcase classname="Verify user is able to untoggle allow friend to view your Disney Pass Photos from Friends and Family request list" name="Verify user is able to untoggle allow friend to view your Disney Pass Photos from Friends and Family request list - Example #1.1" time="0.018">
<failure type="java.lang.NullPointerException">
<![CDATA[java.lang.NullPointerException
	at config.BaseClass.openBrowser(BaseClass.java:32)
	at stepDefinition.HomeSteps.user_is_navigating_to_disney_application(HomeSteps.java:32)
	at ✽.User is navigating to Disney application(file:///C:/Roshini/Java-Selenium/DisneyWorldProject/resources/Features/ViewDisneyPassPhotos.feature:5)
]]>
</failure>
<system-out><![CDATA[
Given User is navigating to Disney application..............................failed
When click on sign in and create new account................................skipped
And scroll down and click Family list.......................................skipped
And click Add a Guest then click Disney account and Create account..........skipped
And enters title, firstname, lastname, age, email id and click done.........skipped
When user sign out Disney application.......................................skipped
And again login to with "disney123".........................................skipped
And click on notification icon and click manage invites.....................skipped
Then check invite is received...............................................skipped
And click Accept............................................................skipped
And again login to the same account.........................................skipped
And click on settings of the requested friend...............................skipped
And untoggle Allow friend to view your Disney pass Photos...................skipped
And click save..............................................................skipped
And close the browser.......................................................skipped
]]></system-out>
</testcase>
</testsuite>
