<?xml version="1.0" encoding="UTF-8"?>
<!-- Generated by org.testng.reporters.JUnitXMLReporter -->
<testsuite ignored="5" hostname="DESKTOP-NTA1H7H" failures="0" tests="6" name="Run All Tests in Google Chrome" time="22.597" errors="0" timestamp="2024-05-31T14:52:58 IST">
  <testcase classname="Core.TestSuiteInitialization" name="@BeforeClass setUp" time="6.91">
    <failure type="org.openqa.selenium.SessionNotCreatedException" message="Could not start a new session. Response code 400. Message: Sauce could not start your job. For more information on what happened, please visit https://app.saucelabs.com/tests/1df1c6e0c02a4411950c070468a3a6f1 
Host info: host: &amp;apos;DESKTOP-NTA1H7H&amp;apos;, ip: &amp;apos;192.168.1.22&amp;apos;
Build info: version: &amp;apos;4.13.0&amp;apos;, revision: &amp;apos;ba948ece5b*&amp;apos;
System info: os.name: &amp;apos;Windows 10&amp;apos;, os.arch: &amp;apos;amd64&amp;apos;, os.version: &amp;apos;10.0&amp;apos;, java.version: &amp;apos;11.0.20&amp;apos;
Driver info: org.openqa.selenium.remote.RemoteWebDriver
Command: [null, newSession {capabilities=[Capabilities {browserName: chrome, browserVersion: latest, goog:chromeOptions: {args: [--remote-allow-origins=*], extensions: []}, platformName: Windows 10, sauce:options: {accessKey: 8f0baf43-e329-4837-9180-1df..., name: Profile UI - FloridaResidency, screenResolution: 1280x1024, tunnel-identifier: tab-shared-tunnel, username: PROF_Studio}}]}]
Capabilities {browserName: chrome, browserVersion: latest, goog:chromeOptions: {args: [--remote-allow-origins=*], extensions: []}, platformName: Windows 10, sauce:options: {accessKey: 8f0baf43-e329-4837-9180-1df..., name: Profile UI - FloridaResidency, screenResolution: 1280x1024, tunnel-identifier: tab-shared-tunnel, username: PROF_Studio}}">
      <![CDATA[org.openqa.selenium.SessionNotCreatedException: Could not start a new session. Response code 400. Message: Sauce could not start your job. For more information on what happened, please visit https://app.saucelabs.com/tests/1df1c6e0c02a4411950c070468a3a6f1 
Host info: host: 'DESKTOP-NTA1H7H', ip: '192.168.1.22'
Build info: version: '4.13.0', revision: 'ba948ece5b*'
System info: os.name: 'Windows 10', os.arch: 'amd64', os.version: '10.0', java.version: '11.0.20'
Driver info: org.openqa.selenium.remote.RemoteWebDriver
Command: [null, newSession {capabilities=[Capabilities {browserName: chrome, browserVersion: latest, goog:chromeOptions: {args: [--remote-allow-origins=*], extensions: []}, platformName: Windows 10, sauce:options: {accessKey: 8f0baf43-e329-4837-9180-1df..., name: Profile UI - FloridaResidency, screenResolution: 1280x1024, tunnel-identifier: tab-shared-tunnel, username: PROF_Studio}}]}]
Capabilities {browserName: chrome, browserVersion: latest, goog:chromeOptions: {args: [--remote-allow-origins=*], extensions: []}, platformName: Windows 10, sauce:options: {accessKey: 8f0baf43-e329-4837-9180-1df..., name: Profile UI - FloridaResidency, screenResolution: 1280x1024, tunnel-identifier: tab-shared-tunnel, username: PROF_Studio}}
at org.openqa.selenium.remote.ProtocolHandshake.createSession(ProtocolHandshake.java:140)
at org.openqa.selenium.remote.ProtocolHandshake.createSession(ProtocolHandshake.java:96)
at org.openqa.selenium.remote.ProtocolHandshake.createSession(ProtocolHandshake.java:68)
at org.openqa.selenium.remote.HttpCommandExecutor.execute(HttpCommandExecutor.java:163)
at org.openqa.selenium.remote.TracedCommandExecutor.execute(TracedCommandExecutor.java:51)
at org.openqa.selenium.remote.RemoteWebDriver.execute(RemoteWebDriver.java:602)
at org.openqa.selenium.remote.RemoteWebDriver.startSession(RemoteWebDriver.java:236)
at org.openqa.selenium.remote.RemoteWebDriver.<init>(RemoteWebDriver.java:163)
at org.openqa.selenium.remote.RemoteWebDriver.<init>(RemoteWebDriver.java:143)
at Core.SauceLabsConfig.createDriver(SauceLabsConfig.java:25)
at Core.TestSuiteInitialization.setUp(TestSuiteInitialization.java:91)
at java.base/java.util.concurrent.Executors$RunnableAdapter.call(Executors.java:515)
at java.base/java.util.concurrent.FutureTask.run(FutureTask.java:264)
at java.base/java.util.concurrent.ThreadPoolExecutor.runWorker(ThreadPoolExecutor.java:1128)
at java.base/java.util.concurrent.ThreadPoolExecutor$Worker.run(ThreadPoolExecutor.java:628)
at java.base/java.lang.Thread.run(Thread.java:834)
... Removed 11 stack frames]]>
    </failure>
  </testcase> <!-- @BeforeClass setUp -->
  <testcase classname="Core.TestSuiteInitialization" name="@AfterMethod closeBrowser" time="0.0">
    <skipped/>
  </testcase> <!-- @AfterMethod closeBrowser -->
  <testcase classname="Core.TestSuiteInitialization" name="@BeforeClass setUp" time="0.538">
    <failure type="org.openqa.selenium.SessionNotCreatedException" message="Could not start a new session. Response code 400. Message: Sauce could not start your job. For more information on what happened, please visit https://app.saucelabs.com/tests/248e11e2960c411ab8271476e6794b62 
Host info: host: &amp;apos;DESKTOP-NTA1H7H&amp;apos;, ip: &amp;apos;192.168.1.22&amp;apos;
Build info: version: &amp;apos;4.13.0&amp;apos;, revision: &amp;apos;ba948ece5b*&amp;apos;
System info: os.name: &amp;apos;Windows 10&amp;apos;, os.arch: &amp;apos;amd64&amp;apos;, os.version: &amp;apos;10.0&amp;apos;, java.version: &amp;apos;11.0.20&amp;apos;
Driver info: org.openqa.selenium.remote.RemoteWebDriver
Command: [null, newSession {capabilities=[Capabilities {browserName: chrome, browserVersion: latest, goog:chromeOptions: {args: [--remote-allow-origins=*], extensions: []}, platformName: Windows 10, sauce:options: {accessKey: 8f0baf43-e329-4837-9180-1df..., name: Profile UI - FloridaResidency, screenResolution: 1280x1024, tunnel-identifier: tab-shared-tunnel, username: PROF_Studio}}]}]
Capabilities {browserName: chrome, browserVersion: latest, goog:chromeOptions: {args: [--remote-allow-origins=*], extensions: []}, platformName: Windows 10, sauce:options: {accessKey: 8f0baf43-e329-4837-9180-1df..., name: Profile UI - FloridaResidency, screenResolution: 1280x1024, tunnel-identifier: tab-shared-tunnel, username: PROF_Studio}}">
      <![CDATA[org.openqa.selenium.SessionNotCreatedException: Could not start a new session. Response code 400. Message: Sauce could not start your job. For more information on what happened, please visit https://app.saucelabs.com/tests/248e11e2960c411ab8271476e6794b62 
Host info: host: 'DESKTOP-NTA1H7H', ip: '192.168.1.22'
Build info: version: '4.13.0', revision: 'ba948ece5b*'
System info: os.name: 'Windows 10', os.arch: 'amd64', os.version: '10.0', java.version: '11.0.20'
Driver info: org.openqa.selenium.remote.RemoteWebDriver
Command: [null, newSession {capabilities=[Capabilities {browserName: chrome, browserVersion: latest, goog:chromeOptions: {args: [--remote-allow-origins=*], extensions: []}, platformName: Windows 10, sauce:options: {accessKey: 8f0baf43-e329-4837-9180-1df..., name: Profile UI - FloridaResidency, screenResolution: 1280x1024, tunnel-identifier: tab-shared-tunnel, username: PROF_Studio}}]}]
Capabilities {browserName: chrome, browserVersion: latest, goog:chromeOptions: {args: [--remote-allow-origins=*], extensions: []}, platformName: Windows 10, sauce:options: {accessKey: 8f0baf43-e329-4837-9180-1df..., name: Profile UI - FloridaResidency, screenResolution: 1280x1024, tunnel-identifier: tab-shared-tunnel, username: PROF_Studio}}
at org.openqa.selenium.remote.ProtocolHandshake.createSession(ProtocolHandshake.java:140)
at org.openqa.selenium.remote.ProtocolHandshake.createSession(ProtocolHandshake.java:96)
at org.openqa.selenium.remote.ProtocolHandshake.createSession(ProtocolHandshake.java:68)
at org.openqa.selenium.remote.HttpCommandExecutor.execute(HttpCommandExecutor.java:163)
at org.openqa.selenium.remote.TracedCommandExecutor.execute(TracedCommandExecutor.java:51)
at org.openqa.selenium.remote.RemoteWebDriver.execute(RemoteWebDriver.java:602)
at org.openqa.selenium.remote.RemoteWebDriver.startSession(RemoteWebDriver.java:236)
at org.openqa.selenium.remote.RemoteWebDriver.<init>(RemoteWebDriver.java:163)
at org.openqa.selenium.remote.RemoteWebDriver.<init>(RemoteWebDriver.java:143)
at Core.SauceLabsConfig.createDriver(SauceLabsConfig.java:25)
at Core.TestSuiteInitialization.setUp(TestSuiteInitialization.java:91)
at java.base/java.util.concurrent.Executors$RunnableAdapter.call(Executors.java:515)
at java.base/java.util.concurrent.FutureTask.run(FutureTask.java:264)
at java.base/java.util.concurrent.ThreadPoolExecutor.runWorker(ThreadPoolExecutor.java:1128)
at java.base/java.util.concurrent.ThreadPoolExecutor$Worker.run(ThreadPoolExecutor.java:628)
at java.base/java.lang.Thread.run(Thread.java:834)
... Removed 11 stack frames]]>
    </failure>
  </testcase> <!-- @BeforeClass setUp -->
  <testcase classname="Core.TestSuiteInitialization" name="@AfterMethod closeBrowser" time="0.0">
    <skipped/>
  </testcase> <!-- @AfterMethod closeBrowser -->
  <testcase classname="Core.TestSuiteInitialization" name="@BeforeClass setUp" time="0.57">
    <failure type="org.openqa.selenium.SessionNotCreatedException" message="Could not start a new session. Response code 400. Message: Sauce could not start your job. For more information on what happened, please visit https://app.saucelabs.com/tests/98454b672ec9487bbdcb0a5320cb7077 
Host info: host: &amp;apos;DESKTOP-NTA1H7H&amp;apos;, ip: &amp;apos;192.168.1.22&amp;apos;
Build info: version: &amp;apos;4.13.0&amp;apos;, revision: &amp;apos;ba948ece5b*&amp;apos;
System info: os.name: &amp;apos;Windows 10&amp;apos;, os.arch: &amp;apos;amd64&amp;apos;, os.version: &amp;apos;10.0&amp;apos;, java.version: &amp;apos;11.0.20&amp;apos;
Driver info: org.openqa.selenium.remote.RemoteWebDriver
Command: [null, newSession {capabilities=[Capabilities {browserName: chrome, browserVersion: latest, goog:chromeOptions: {args: [--remote-allow-origins=*], extensions: []}, platformName: Windows 10, sauce:options: {accessKey: 8f0baf43-e329-4837-9180-1df..., name: Profile UI - FloridaResidency, screenResolution: 1280x1024, tunnel-identifier: tab-shared-tunnel, username: PROF_Studio}}]}]
Capabilities {browserName: chrome, browserVersion: latest, goog:chromeOptions: {args: [--remote-allow-origins=*], extensions: []}, platformName: Windows 10, sauce:options: {accessKey: 8f0baf43-e329-4837-9180-1df..., name: Profile UI - FloridaResidency, screenResolution: 1280x1024, tunnel-identifier: tab-shared-tunnel, username: PROF_Studio}}">
      <![CDATA[org.openqa.selenium.SessionNotCreatedException: Could not start a new session. Response code 400. Message: Sauce could not start your job. For more information on what happened, please visit https://app.saucelabs.com/tests/98454b672ec9487bbdcb0a5320cb7077 
Host info: host: 'DESKTOP-NTA1H7H', ip: '192.168.1.22'
Build info: version: '4.13.0', revision: 'ba948ece5b*'
System info: os.name: 'Windows 10', os.arch: 'amd64', os.version: '10.0', java.version: '11.0.20'
Driver info: org.openqa.selenium.remote.RemoteWebDriver
Command: [null, newSession {capabilities=[Capabilities {browserName: chrome, browserVersion: latest, goog:chromeOptions: {args: [--remote-allow-origins=*], extensions: []}, platformName: Windows 10, sauce:options: {accessKey: 8f0baf43-e329-4837-9180-1df..., name: Profile UI - FloridaResidency, screenResolution: 1280x1024, tunnel-identifier: tab-shared-tunnel, username: PROF_Studio}}]}]
Capabilities {browserName: chrome, browserVersion: latest, goog:chromeOptions: {args: [--remote-allow-origins=*], extensions: []}, platformName: Windows 10, sauce:options: {accessKey: 8f0baf43-e329-4837-9180-1df..., name: Profile UI - FloridaResidency, screenResolution: 1280x1024, tunnel-identifier: tab-shared-tunnel, username: PROF_Studio}}
at org.openqa.selenium.remote.ProtocolHandshake.createSession(ProtocolHandshake.java:140)
at org.openqa.selenium.remote.ProtocolHandshake.createSession(ProtocolHandshake.java:96)
at org.openqa.selenium.remote.ProtocolHandshake.createSession(ProtocolHandshake.java:68)
at org.openqa.selenium.remote.HttpCommandExecutor.execute(HttpCommandExecutor.java:163)
at org.openqa.selenium.remote.TracedCommandExecutor.execute(TracedCommandExecutor.java:51)
at org.openqa.selenium.remote.RemoteWebDriver.execute(RemoteWebDriver.java:602)
at org.openqa.selenium.remote.RemoteWebDriver.startSession(RemoteWebDriver.java:236)
at org.openqa.selenium.remote.RemoteWebDriver.<init>(RemoteWebDriver.java:163)
at org.openqa.selenium.remote.RemoteWebDriver.<init>(RemoteWebDriver.java:143)
at Core.SauceLabsConfig.createDriver(SauceLabsConfig.java:25)
at Core.TestSuiteInitialization.setUp(TestSuiteInitialization.java:91)
at java.base/java.util.concurrent.Executors$RunnableAdapter.call(Executors.java:515)
at java.base/java.util.concurrent.FutureTask.run(FutureTask.java:264)
at java.base/java.util.concurrent.ThreadPoolExecutor.runWorker(ThreadPoolExecutor.java:1128)
at java.base/java.util.concurrent.ThreadPoolExecutor$Worker.run(ThreadPoolExecutor.java:628)
at java.base/java.lang.Thread.run(Thread.java:834)
... Removed 11 stack frames]]>
    </failure>
  </testcase> <!-- @BeforeClass setUp -->
  <testcase classname="Core.TestSuiteInitialization" name="@AfterMethod closeBrowser" time="0.0">
    <skipped/>
  </testcase> <!-- @AfterMethod closeBrowser -->
  <testcase classname="Core.TestSuiteInitialization" name="@BeforeClass setUp" time="0.526">
    <failure type="org.openqa.selenium.SessionNotCreatedException" message="Could not start a new session. Response code 400. Message: Sauce could not start your job. For more information on what happened, please visit https://app.saucelabs.com/tests/c904b9c6cbed4fa9b470c38cb0bec99c 
Host info: host: &amp;apos;DESKTOP-NTA1H7H&amp;apos;, ip: &amp;apos;192.168.1.22&amp;apos;
Build info: version: &amp;apos;4.13.0&amp;apos;, revision: &amp;apos;ba948ece5b*&amp;apos;
System info: os.name: &amp;apos;Windows 10&amp;apos;, os.arch: &amp;apos;amd64&amp;apos;, os.version: &amp;apos;10.0&amp;apos;, java.version: &amp;apos;11.0.20&amp;apos;
Driver info: org.openqa.selenium.remote.RemoteWebDriver
Command: [null, newSession {capabilities=[Capabilities {browserName: chrome, browserVersion: latest, goog:chromeOptions: {args: [--remote-allow-origins=*], extensions: []}, platformName: Windows 10, sauce:options: {accessKey: 8f0baf43-e329-4837-9180-1df..., name: Profile UI - FloridaResidency, screenResolution: 1280x1024, tunnel-identifier: tab-shared-tunnel, username: PROF_Studio}}]}]
Capabilities {browserName: chrome, browserVersion: latest, goog:chromeOptions: {args: [--remote-allow-origins=*], extensions: []}, platformName: Windows 10, sauce:options: {accessKey: 8f0baf43-e329-4837-9180-1df..., name: Profile UI - FloridaResidency, screenResolution: 1280x1024, tunnel-identifier: tab-shared-tunnel, username: PROF_Studio}}">
      <![CDATA[org.openqa.selenium.SessionNotCreatedException: Could not start a new session. Response code 400. Message: Sauce could not start your job. For more information on what happened, please visit https://app.saucelabs.com/tests/c904b9c6cbed4fa9b470c38cb0bec99c 
Host info: host: 'DESKTOP-NTA1H7H', ip: '192.168.1.22'
Build info: version: '4.13.0', revision: 'ba948ece5b*'
System info: os.name: 'Windows 10', os.arch: 'amd64', os.version: '10.0', java.version: '11.0.20'
Driver info: org.openqa.selenium.remote.RemoteWebDriver
Command: [null, newSession {capabilities=[Capabilities {browserName: chrome, browserVersion: latest, goog:chromeOptions: {args: [--remote-allow-origins=*], extensions: []}, platformName: Windows 10, sauce:options: {accessKey: 8f0baf43-e329-4837-9180-1df..., name: Profile UI - FloridaResidency, screenResolution: 1280x1024, tunnel-identifier: tab-shared-tunnel, username: PROF_Studio}}]}]
Capabilities {browserName: chrome, browserVersion: latest, goog:chromeOptions: {args: [--remote-allow-origins=*], extensions: []}, platformName: Windows 10, sauce:options: {accessKey: 8f0baf43-e329-4837-9180-1df..., name: Profile UI - FloridaResidency, screenResolution: 1280x1024, tunnel-identifier: tab-shared-tunnel, username: PROF_Studio}}
at org.openqa.selenium.remote.ProtocolHandshake.createSession(ProtocolHandshake.java:140)
at org.openqa.selenium.remote.ProtocolHandshake.createSession(ProtocolHandshake.java:96)
at org.openqa.selenium.remote.ProtocolHandshake.createSession(ProtocolHandshake.java:68)
at org.openqa.selenium.remote.HttpCommandExecutor.execute(HttpCommandExecutor.java:163)
at org.openqa.selenium.remote.TracedCommandExecutor.execute(TracedCommandExecutor.java:51)
at org.openqa.selenium.remote.RemoteWebDriver.execute(RemoteWebDriver.java:602)
at org.openqa.selenium.remote.RemoteWebDriver.startSession(RemoteWebDriver.java:236)
at org.openqa.selenium.remote.RemoteWebDriver.<init>(RemoteWebDriver.java:163)
at org.openqa.selenium.remote.RemoteWebDriver.<init>(RemoteWebDriver.java:143)
at Core.SauceLabsConfig.createDriver(SauceLabsConfig.java:25)
at Core.TestSuiteInitialization.setUp(TestSuiteInitialization.java:91)
at java.base/java.util.concurrent.Executors$RunnableAdapter.call(Executors.java:515)
at java.base/java.util.concurrent.FutureTask.run(FutureTask.java:264)
at java.base/java.util.concurrent.ThreadPoolExecutor.runWorker(ThreadPoolExecutor.java:1128)
at java.base/java.util.concurrent.ThreadPoolExecutor$Worker.run(ThreadPoolExecutor.java:628)
at java.base/java.lang.Thread.run(Thread.java:834)
... Removed 11 stack frames]]>
    </failure>
  </testcase> <!-- @BeforeClass setUp -->
  <testcase classname="Core.TestSuiteInitialization" name="@AfterMethod closeBrowser" time="0.0">
    <skipped/>
  </testcase> <!-- @AfterMethod closeBrowser -->
  <testcase classname="Core.TestSuiteInitialization" name="@BeforeClass setUp" time="0.853">
    <failure type="org.openqa.selenium.SessionNotCreatedException" message="Could not start a new session. Response code 400. Message: Sauce could not start your job. For more information on what happened, please visit https://app.saucelabs.com/tests/bafcf7fd2b75443089a0c3046dba330c 
Host info: host: &amp;apos;DESKTOP-NTA1H7H&amp;apos;, ip: &amp;apos;192.168.1.22&amp;apos;
Build info: version: &amp;apos;4.13.0&amp;apos;, revision: &amp;apos;ba948ece5b*&amp;apos;
System info: os.name: &amp;apos;Windows 10&amp;apos;, os.arch: &amp;apos;amd64&amp;apos;, os.version: &amp;apos;10.0&amp;apos;, java.version: &amp;apos;11.0.20&amp;apos;
Driver info: org.openqa.selenium.remote.RemoteWebDriver
Command: [null, newSession {capabilities=[Capabilities {browserName: chrome, browserVersion: latest, goog:chromeOptions: {args: [--remote-allow-origins=*], extensions: []}, platformName: Windows 10, sauce:options: {accessKey: 8f0baf43-e329-4837-9180-1df..., name: Profile UI - FloridaResidency, screenResolution: 1280x1024, tunnel-identifier: tab-shared-tunnel, username: PROF_Studio}}]}]
Capabilities {browserName: chrome, browserVersion: latest, goog:chromeOptions: {args: [--remote-allow-origins=*], extensions: []}, platformName: Windows 10, sauce:options: {accessKey: 8f0baf43-e329-4837-9180-1df..., name: Profile UI - FloridaResidency, screenResolution: 1280x1024, tunnel-identifier: tab-shared-tunnel, username: PROF_Studio}}">
      <![CDATA[org.openqa.selenium.SessionNotCreatedException: Could not start a new session. Response code 400. Message: Sauce could not start your job. For more information on what happened, please visit https://app.saucelabs.com/tests/bafcf7fd2b75443089a0c3046dba330c 
Host info: host: 'DESKTOP-NTA1H7H', ip: '192.168.1.22'
Build info: version: '4.13.0', revision: 'ba948ece5b*'
System info: os.name: 'Windows 10', os.arch: 'amd64', os.version: '10.0', java.version: '11.0.20'
Driver info: org.openqa.selenium.remote.RemoteWebDriver
Command: [null, newSession {capabilities=[Capabilities {browserName: chrome, browserVersion: latest, goog:chromeOptions: {args: [--remote-allow-origins=*], extensions: []}, platformName: Windows 10, sauce:options: {accessKey: 8f0baf43-e329-4837-9180-1df..., name: Profile UI - FloridaResidency, screenResolution: 1280x1024, tunnel-identifier: tab-shared-tunnel, username: PROF_Studio}}]}]
Capabilities {browserName: chrome, browserVersion: latest, goog:chromeOptions: {args: [--remote-allow-origins=*], extensions: []}, platformName: Windows 10, sauce:options: {accessKey: 8f0baf43-e329-4837-9180-1df..., name: Profile UI - FloridaResidency, screenResolution: 1280x1024, tunnel-identifier: tab-shared-tunnel, username: PROF_Studio}}
at org.openqa.selenium.remote.ProtocolHandshake.createSession(ProtocolHandshake.java:140)
at org.openqa.selenium.remote.ProtocolHandshake.createSession(ProtocolHandshake.java:96)
at org.openqa.selenium.remote.ProtocolHandshake.createSession(ProtocolHandshake.java:68)
at org.openqa.selenium.remote.HttpCommandExecutor.execute(HttpCommandExecutor.java:163)
at org.openqa.selenium.remote.TracedCommandExecutor.execute(TracedCommandExecutor.java:51)
at org.openqa.selenium.remote.RemoteWebDriver.execute(RemoteWebDriver.java:602)
at org.openqa.selenium.remote.RemoteWebDriver.startSession(RemoteWebDriver.java:236)
at org.openqa.selenium.remote.RemoteWebDriver.<init>(RemoteWebDriver.java:163)
at org.openqa.selenium.remote.RemoteWebDriver.<init>(RemoteWebDriver.java:143)
at Core.SauceLabsConfig.createDriver(SauceLabsConfig.java:25)
at Core.TestSuiteInitialization.setUp(TestSuiteInitialization.java:91)
at java.base/java.util.concurrent.Executors$RunnableAdapter.call(Executors.java:515)
at java.base/java.util.concurrent.FutureTask.run(FutureTask.java:264)
at java.base/java.util.concurrent.ThreadPoolExecutor.runWorker(ThreadPoolExecutor.java:1128)
at java.base/java.util.concurrent.ThreadPoolExecutor$Worker.run(ThreadPoolExecutor.java:628)
at java.base/java.lang.Thread.run(Thread.java:834)
... Removed 11 stack frames]]>
    </failure>
  </testcase> <!-- @BeforeClass setUp -->
  <testcase classname="Core.TestSuiteInitialization" name="@AfterMethod closeBrowser" time="0.0">
    <skipped/>
  </testcase> <!-- @AfterMethod closeBrowser -->
  <testcase classname="Core.TestSuiteInitialization" name="@BeforeClass setUp" time="0.516">
    <failure type="org.openqa.selenium.SessionNotCreatedException" message="Could not start a new session. Response code 400. Message: Sauce could not start your job. For more information on what happened, please visit https://app.saucelabs.com/tests/f1a00352c81c445a9382e4afa5e0f731 
Host info: host: &amp;apos;DESKTOP-NTA1H7H&amp;apos;, ip: &amp;apos;192.168.1.22&amp;apos;
Build info: version: &amp;apos;4.13.0&amp;apos;, revision: &amp;apos;ba948ece5b*&amp;apos;
System info: os.name: &amp;apos;Windows 10&amp;apos;, os.arch: &amp;apos;amd64&amp;apos;, os.version: &amp;apos;10.0&amp;apos;, java.version: &amp;apos;11.0.20&amp;apos;
Driver info: org.openqa.selenium.remote.RemoteWebDriver
Command: [null, newSession {capabilities=[Capabilities {browserName: chrome, browserVersion: latest, goog:chromeOptions: {args: [--remote-allow-origins=*], extensions: []}, platformName: Windows 10, sauce:options: {accessKey: 8f0baf43-e329-4837-9180-1df..., name: Profile UI - FloridaResidency, screenResolution: 1280x1024, tunnel-identifier: tab-shared-tunnel, username: PROF_Studio}}]}]
Capabilities {browserName: chrome, browserVersion: latest, goog:chromeOptions: {args: [--remote-allow-origins=*], extensions: []}, platformName: Windows 10, sauce:options: {accessKey: 8f0baf43-e329-4837-9180-1df..., name: Profile UI - FloridaResidency, screenResolution: 1280x1024, tunnel-identifier: tab-shared-tunnel, username: PROF_Studio}}">
      <![CDATA[org.openqa.selenium.SessionNotCreatedException: Could not start a new session. Response code 400. Message: Sauce could not start your job. For more information on what happened, please visit https://app.saucelabs.com/tests/f1a00352c81c445a9382e4afa5e0f731 
Host info: host: 'DESKTOP-NTA1H7H', ip: '192.168.1.22'
Build info: version: '4.13.0', revision: 'ba948ece5b*'
System info: os.name: 'Windows 10', os.arch: 'amd64', os.version: '10.0', java.version: '11.0.20'
Driver info: org.openqa.selenium.remote.RemoteWebDriver
Command: [null, newSession {capabilities=[Capabilities {browserName: chrome, browserVersion: latest, goog:chromeOptions: {args: [--remote-allow-origins=*], extensions: []}, platformName: Windows 10, sauce:options: {accessKey: 8f0baf43-e329-4837-9180-1df..., name: Profile UI - FloridaResidency, screenResolution: 1280x1024, tunnel-identifier: tab-shared-tunnel, username: PROF_Studio}}]}]
Capabilities {browserName: chrome, browserVersion: latest, goog:chromeOptions: {args: [--remote-allow-origins=*], extensions: []}, platformName: Windows 10, sauce:options: {accessKey: 8f0baf43-e329-4837-9180-1df..., name: Profile UI - FloridaResidency, screenResolution: 1280x1024, tunnel-identifier: tab-shared-tunnel, username: PROF_Studio}}
at org.openqa.selenium.remote.ProtocolHandshake.createSession(ProtocolHandshake.java:140)
at org.openqa.selenium.remote.ProtocolHandshake.createSession(ProtocolHandshake.java:96)
at org.openqa.selenium.remote.ProtocolHandshake.createSession(ProtocolHandshake.java:68)
at org.openqa.selenium.remote.HttpCommandExecutor.execute(HttpCommandExecutor.java:163)
at org.openqa.selenium.remote.TracedCommandExecutor.execute(TracedCommandExecutor.java:51)
at org.openqa.selenium.remote.RemoteWebDriver.execute(RemoteWebDriver.java:602)
at org.openqa.selenium.remote.RemoteWebDriver.startSession(RemoteWebDriver.java:236)
at org.openqa.selenium.remote.RemoteWebDriver.<init>(RemoteWebDriver.java:163)
at org.openqa.selenium.remote.RemoteWebDriver.<init>(RemoteWebDriver.java:143)
at Core.SauceLabsConfig.createDriver(SauceLabsConfig.java:25)
at Core.TestSuiteInitialization.setUp(TestSuiteInitialization.java:91)
at java.base/java.util.concurrent.Executors$RunnableAdapter.call(Executors.java:515)
at java.base/java.util.concurrent.FutureTask.run(FutureTask.java:264)
at java.base/java.util.concurrent.ThreadPoolExecutor.runWorker(ThreadPoolExecutor.java:1128)
at java.base/java.util.concurrent.ThreadPoolExecutor$Worker.run(ThreadPoolExecutor.java:628)
at java.base/java.lang.Thread.run(Thread.java:834)
... Removed 11 stack frames]]>
    </failure>
  </testcase> <!-- @BeforeClass setUp -->
  <testcase classname="Core.TestSuiteInitialization" name="@AfterMethod closeBrowser" time="0.0">
    <skipped/>
  </testcase> <!-- @AfterMethod closeBrowser -->
  <testcase classname="Core.TestSuiteInitialization" name="feature" time="0.0">
    <skipped/>
  </testcase> <!-- feature -->
  <testcase classname="Core.TestSuiteInitialization" name="feature" time="0.0">
    <skipped/>
  </testcase> <!-- feature -->
  <testcase classname="Core.TestSuiteInitialization" name="feature" time="0.0">
    <skipped/>
  </testcase> <!-- feature -->
  <testcase classname="Core.TestSuiteInitialization" name="feature" time="0.0">
    <skipped/>
  </testcase> <!-- feature -->
  <testcase classname="Core.TestSuiteInitialization" name="feature" time="0.0">
    <skipped/>
  </testcase> <!-- feature -->
  <testcase classname="Core.TestSuiteInitialization" name="feature" time="0.0">
    <skipped/>
  </testcase> <!-- feature -->
  <testcase classname="Core.TestSuiteInitialization" name="@BeforeSuite setUp" time="0.0">
    <ignored/>
  </testcase> <!-- @BeforeSuite setUp -->
  <testcase classname="Core.TestSuiteInitialization" name="@BeforeSuite setUp" time="0.0">
    <ignored/>
  </testcase> <!-- @BeforeSuite setUp -->
  <testcase classname="Core.TestSuiteInitialization" name="@BeforeSuite setUp" time="0.0">
    <ignored/>
  </testcase> <!-- @BeforeSuite setUp -->
  <testcase classname="Core.TestSuiteInitialization" name="@BeforeSuite setUp" time="0.0">
    <ignored/>
  </testcase> <!-- @BeforeSuite setUp -->
  <testcase classname="Core.TestSuiteInitialization" name="@BeforeSuite setUp" time="0.0">
    <ignored/>
  </testcase> <!-- @BeforeSuite setUp -->
</testsuite> <!-- Run All Tests in Google Chrome -->
