[{"line":1,"elements":[{"start_timestamp":"2024-04-26T06:34:39.791Z","line":19,"name":"Verify user is able to Decline multiple users Friends and Family request","description":"","id":"verify-user-is-able-to-decline-multiple-users-friends-and-family-request;verify-user-is-able-to-decline-multiple-users-friends-and-family-request;;2","type":"scenario","keyword":"Scenario Outline","steps":[{"result":{"duration":6984376000,"status":"passed"},"line":5,"name":"User is navigating to Disney application","match":{"location":"stepDefinition.HomeSteps.user_is_navigating_to_disney_application()"},"keyword":"Given "},{"result":{"duration":63647196400,"status":"passed"},"line":6,"name":"click on sign in and create new account","match":{"location":"stepDefinition.LoginSteps.click_on_sign_in_and_enter_and()"},"keyword":"When "},{"result":{"duration":15302447900,"status":"passed"},"line":7,"name":"scroll down and click Family list","match":{"location":"stepDefinition.FriendsAndFamilySteps.scroll_down_and_click_family_list()"},"keyword":"And "},{"result":{"error_message":"org.openqa.selenium.TimeoutException: Expected condition failed: waiting for UIWrapper.DisneyWorldWrapper$1@3e499a2c (tried for 140 second(s) with 5000 milliseconds interval)\r\n\tat org.openqa.selenium.support.ui.FluentWait.timeoutException(FluentWait.java:262)\r\n\tat org.openqa.selenium.support.ui.FluentWait.until(FluentWait.java:230)\r\n\tat UIWrapper.DisneyWorldWrapper.fluentWaitForElement(DisneyWorldWrapper.java:213)\r\n\tat stepDefinition.FriendsAndFamilySteps.click_add_a_guest_then_click_disney_account_and_create_account(FriendsAndFamilySteps.java:61)\r\n\tat ✽.click Add a Guest then click Disney account and Create account(file:///C:/selenium%20new/Friends%20and%20family/DisneyWorldProject/resources/Features/DeclineMultipleUsers.feature:8)\r\nCaused by: org.openqa.selenium.NoSuchElementException: no such element: Unable to locate element: {\"method\":\"xpath\",\"selector\":\"//a[@href=\"/profile/family-friends/add-managed-guest\"]\"}\n  (Session info: chrome=124.0.6367.61)\nFor documentation on this error, please visit: https://www.selenium.dev/documentation/webdriver/troubleshooting/errors#no-such-element-exception\nBuild info: version: '4.13.0', revision: 'ba948ece5b*'\nSystem info: os.name: 'Windows 10', os.arch: 'amd64', os.version: '10.0', java.version: '11.0.20'\nDriver info: org.openqa.selenium.chrome.ChromeDriver\nCommand: [21b51c4fa9f7e8f253d34d50d9449f9a, findElement {using=xpath, value=//a[@href=\"/profile/family-friends/add-managed-guest\"]}]\nCapabilities {acceptInsecureCerts: false, browserName: chrome, browserVersion: 124.0.6367.61, chrome: {chromedriverVersion: 124.0.6367.91 (51df0e5e17a8..., userDataDir: C:\\Users\\DELL\\AppData\\Local...}, fedcm:accounts: true, goog:chromeOptions: {debuggerAddress: localhost:50266}, networkConnectionEnabled: false, pageLoadStrategy: normal, platformName: windows, proxy: Proxy(), se:cdp: ws://localhost:50266/devtoo..., se:cdpVersion: 124.0.6367.61, setWindowRect: true, strictFileInteractability: false, timeouts: {implicit: 0, pageLoad: 300000, script: 30000}, unhandledPromptBehavior: dismiss and notify, webauthn:extension:credBlob: true, webauthn:extension:largeBlob: true, webauthn:extension:minPinLength: true, webauthn:extension:prf: true, webauthn:virtualAuthenticators: true}\nSession ID: 21b51c4fa9f7e8f253d34d50d9449f9a\r\n\tat jdk.internal.reflect.GeneratedConstructorAccessor19.newInstance(Unknown Source)\r\n\tat java.base/jdk.internal.reflect.DelegatingConstructorAccessorImpl.newInstance(DelegatingConstructorAccessorImpl.java:45)\r\n\tat java.base/java.lang.reflect.Constructor.newInstance(Constructor.java:490)\r\n\tat org.openqa.selenium.remote.codec.w3c.W3CHttpResponseCodec.createException(W3CHttpResponseCodec.java:200)\r\n\tat org.openqa.selenium.remote.codec.w3c.W3CHttpResponseCodec.decode(W3CHttpResponseCodec.java:133)\r\n\tat org.openqa.selenium.remote.codec.w3c.W3CHttpResponseCodec.decode(W3CHttpResponseCodec.java:52)\r\n\tat org.openqa.selenium.remote.HttpCommandExecutor.execute(HttpCommandExecutor.java:191)\r\n\tat org.openqa.selenium.remote.service.DriverCommandExecutor.invokeExecute(DriverCommandExecutor.java:196)\r\n\tat org.openqa.selenium.remote.service.DriverCommandExecutor.execute(DriverCommandExecutor.java:171)\r\n\tat org.openqa.selenium.remote.RemoteWebDriver.execute(RemoteWebDriver.java:602)\r\n\tat org.openqa.selenium.remote.ElementLocation$ElementFinder$2.findElement(ElementLocation.java:165)\r\n\tat org.openqa.selenium.remote.ElementLocation.findElement(ElementLocation.java:59)\r\n\tat org.openqa.selenium.remote.RemoteWebDriver.findElement(RemoteWebDriver.java:359)\r\n\tat org.openqa.selenium.remote.RemoteWebDriver.findElement(RemoteWebDriver.java:353)\r\n\tat UIWrapper.DisneyWorldWrapper$1.apply(DisneyWorldWrapper.java:215)\r\n\tat UIWrapper.DisneyWorldWrapper$1.apply(DisneyWorldWrapper.java:213)\r\n\tat org.openqa.selenium.support.ui.FluentWait.until(FluentWait.java:205)\r\n\tat UIWrapper.DisneyWorldWrapper.fluentWaitForElement(DisneyWorldWrapper.java:213)\r\n\tat stepDefinition.FriendsAndFamilySteps.click_add_a_guest_then_click_disney_account_and_create_account(FriendsAndFamilySteps.java:61)\r\n\tat java.base/jdk.internal.reflect.NativeMethodAccessorImpl.invoke0(Native Method)\r\n\tat java.base/jdk.internal.reflect.NativeMethodAccessorImpl.invoke(NativeMethodAccessorImpl.java:62)\r\n\tat java.base/jdk.internal.reflect.DelegatingMethodAccessorImpl.invoke(DelegatingMethodAccessorImpl.java:43)\r\n\tat java.base/java.lang.reflect.Method.invoke(Method.java:566)\r\n\tat io.cucumber.java.Invoker.doInvoke(Invoker.java:66)\r\n\tat io.cucumber.java.Invoker.invoke(Invoker.java:24)\r\n\tat io.cucumber.java.AbstractGlueDefinition.invokeMethod(AbstractGlueDefinition.java:47)\r\n\tat io.cucumber.java.JavaStepDefinition.execute(JavaStepDefinition.java:29)\r\n\tat io.cucumber.core.runner.CoreStepDefinition.execute(CoreStepDefinition.java:66)\r\n\tat io.cucumber.core.runner.PickleStepDefinitionMatch.runStep(PickleStepDefinitionMatch.java:63)\r\n\tat io.cucumber.core.runner.ExecutionMode$1.execute(ExecutionMode.java:10)\r\n\tat io.cucumber.core.runner.TestStep.executeStep(TestStep.java:84)\r\n\tat io.cucumber.core.runner.TestStep.run(TestStep.java:56)\r\n\tat io.cucumber.core.runner.PickleStepTestStep.run(PickleStepTestStep.java:51)\r\n\tat io.cucumber.core.runner.TestCase.run(TestCase.java:84)\r\n\tat io.cucumber.core.runner.Runner.runPickle(Runner.java:75)\r\n\tat io.cucumber.testng.TestNGCucumberRunner.lambda$runScenario$1(TestNGCucumberRunner.java:132)\r\n\tat io.cucumber.core.runtime.CucumberExecutionContext.lambda$runTestCase$5(CucumberExecutionContext.java:137)\r\n\tat io.cucumber.core.runtime.RethrowingThrowableCollector.executeAndThrow(RethrowingThrowableCollector.java:23)\r\n\tat io.cucumber.core.runtime.CucumberExecutionContext.runTestCase(CucumberExecutionContext.java:137)\r\n\tat io.cucumber.testng.TestNGCucumberRunner.runScenario(TestNGCucumberRunner.java:129)\r\n\tat Core.TestSuiteInitialization.feature(TestSuiteInitialization.java:174)\r\n\tat jdk.internal.reflect.GeneratedMethodAccessor149.invoke(Unknown Source)\r\n\tat java.base/jdk.internal.reflect.DelegatingMethodAccessorImpl.invoke(DelegatingMethodAccessorImpl.java:43)\r\n\tat java.base/java.lang.reflect.Method.invoke(Method.java:566)\r\n\tat org.testng.internal.invokers.MethodInvocationHelper.invokeMethod(MethodInvocationHelper.java:139)\r\n\tat org.testng.internal.invokers.TestInvoker.invokeMethod(TestInvoker.java:664)\r\n\tat org.testng.internal.invokers.TestInvoker.invokeTestMethod(TestInvoker.java:228)\r\n\tat org.testng.internal.invokers.MethodRunner.runInSequence(MethodRunner.java:63)\r\n\tat org.testng.internal.invokers.TestInvoker$MethodInvocationAgent.invoke(TestInvoker.java:961)\r\n\tat org.testng.internal.invokers.TestInvoker.invokeTestMethods(TestInvoker.java:201)\r\n\tat org.testng.internal.invokers.TestMethodWorker.invokeTestMethods(TestMethodWorker.java:148)\r\n\tat org.testng.internal.invokers.TestMethodWorker.run(TestMethodWorker.java:128)\r\n\tat java.base/java.util.concurrent.Executors$RunnableAdapter.call(Executors.java:515)\r\n\tat java.base/java.util.concurrent.FutureTask.run(FutureTask.java:264)\r\n\tat org.testng.internal.thread.graph.TestNGFutureTask.run(TestNGFutureTask.java:22)\r\n\tat java.base/java.util.concurrent.ThreadPoolExecutor.runWorker(ThreadPoolExecutor.java:1128)\r\n\tat java.base/java.util.concurrent.ThreadPoolExecutor$Worker.run(ThreadPoolExecutor.java:628)\r\n\tat java.base/java.lang.Thread.run(Thread.java:834)\r\n","duration":163743417700,"status":"failed"},"line":8,"name":"click Add a Guest then click Disney account and Create account","match":{"location":"stepDefinition.FriendsAndFamilySteps.click_add_a_guest_then_click_disney_account_and_create_account()"},"keyword":"And "},{"result":{"status":"skipped"},"line":9,"name":"enters title, firstname, lastname, age, email id and click done","match":{"location":"stepDefinition.FriendsAndFamilySteps.enters_title_firstname_lastname_age_and_click_done()"},"keyword":"And "},{"result":{"status":"skipped"},"line":10,"name":"user sign out Disney application","match":{"location":"stepDefinition.HomeSteps.user_sign_out_disney_application()"},"keyword":"When "},{"result":{"status":"skipped"},"line":11,"name":"again login to with \"disney123\"","match":{"arguments":[{"val":"\"disney123\"","offset":20}],"location":"stepDefinition.LoginSteps.again_login_by_entering_enter_and(java.lang.String)"},"keyword":"And "},{"result":{"status":"skipped"},"line":12,"name":"click on notification icon and click manage invites","match":{"location":"stepDefinition.HomeSteps.click_on_notification_icon_and_click_manage_invites()"},"keyword":"And "},{"result":{"status":"skipped"},"line":13,"name":"check invite is received","match":{"location":"stepDefinition.HomeSteps.check_invite_is_received()"},"keyword":"Then "},{"result":{"status":"skipped"},"line":14,"name":"click Decline for multiple users","match":{"location":"stepDefinition.HomeSteps.click_decline_for_multiple_users()"},"keyword":"And "},{"result":{"status":"skipped"},"line":15,"name":"close the browser","match":{"location":"stepDefinition.HomeSteps.close_the_browser()"},"keyword":"And "}],"tags":[{"name":"@TestCaseKey=Decline_Multiple_Users"}]},{"start_timestamp":"2024-04-26T06:38:49.934Z","line":19,"name":"Verify user is able to Decline multiple users Friends and Family request","description":"","id":"verify-user-is-able-to-decline-multiple-users-friends-and-family-request;verify-user-is-able-to-decline-multiple-users-friends-and-family-request;;2","type":"scenario","keyword":"Scenario Outline","steps":[{"result":{"duration":10787528700,"status":"passed"},"line":5,"name":"User is navigating to Disney application","match":{"location":"stepDefinition.HomeSteps.user_is_navigating_to_disney_application()"},"keyword":"Given "},{"result":{"duration":63557302500,"status":"passed"},"line":6,"name":"click on sign in and create new account","match":{"location":"stepDefinition.LoginSteps.click_on_sign_in_and_enter_and()"},"keyword":"When "},{"result":{"duration":15816216600,"status":"passed"},"line":7,"name":"scroll down and click Family list","match":{"location":"stepDefinition.FriendsAndFamilySteps.scroll_down_and_click_family_list()"},"keyword":"And "},{"result":{"error_message":"org.openqa.selenium.TimeoutException: Expected condition failed: waiting for UIWrapper.DisneyWorldWrapper$1@6a0dfad (tried for 140 second(s) with 5000 milliseconds interval)\r\n\tat org.openqa.selenium.support.ui.FluentWait.timeoutException(FluentWait.java:262)\r\n\tat org.openqa.selenium.support.ui.FluentWait.until(FluentWait.java:230)\r\n\tat UIWrapper.DisneyWorldWrapper.fluentWaitForElement(DisneyWorldWrapper.java:213)\r\n\tat stepDefinition.FriendsAndFamilySteps.click_add_a_guest_then_click_disney_account_and_create_account(FriendsAndFamilySteps.java:61)\r\n\tat ✽.click Add a Guest then click Disney account and Create account(file:///C:/selenium%20new/Friends%20and%20family/DisneyWorldProject/resources/Features/DeclineMultipleUsers.feature:8)\r\nCaused by: org.openqa.selenium.NoSuchElementException: no such element: Unable to locate element: {\"method\":\"xpath\",\"selector\":\"//a[@href=\"/profile/family-friends/add-managed-guest\"]\"}\n  (Session info: chrome=124.0.6367.61)\nFor documentation on this error, please visit: https://www.selenium.dev/documentation/webdriver/troubleshooting/errors#no-such-element-exception\nBuild info: version: '4.13.0', revision: 'ba948ece5b*'\nSystem info: os.name: 'Windows 10', os.arch: 'amd64', os.version: '10.0', java.version: '11.0.20'\nDriver info: org.openqa.selenium.chrome.ChromeDriver\nCommand: [eeeab39f354a79ce2d0fd61eebca8dfb, findElement {using=xpath, value=//a[@href=\"/profile/family-friends/add-managed-guest\"]}]\nCapabilities {acceptInsecureCerts: false, browserName: chrome, browserVersion: 124.0.6367.61, chrome: {chromedriverVersion: 124.0.6367.91 (51df0e5e17a8..., userDataDir: C:\\Users\\DELL\\AppData\\Local...}, fedcm:accounts: true, goog:chromeOptions: {debuggerAddress: localhost:50354}, networkConnectionEnabled: false, pageLoadStrategy: normal, platformName: windows, proxy: Proxy(), se:cdp: ws://localhost:50354/devtoo..., se:cdpVersion: 124.0.6367.61, setWindowRect: true, strictFileInteractability: false, timeouts: {implicit: 0, pageLoad: 300000, script: 30000}, unhandledPromptBehavior: dismiss and notify, webauthn:extension:credBlob: true, webauthn:extension:largeBlob: true, webauthn:extension:minPinLength: true, webauthn:extension:prf: true, webauthn:virtualAuthenticators: true}\nSession ID: eeeab39f354a79ce2d0fd61eebca8dfb\r\n\tat jdk.internal.reflect.GeneratedConstructorAccessor19.newInstance(Unknown Source)\r\n\tat java.base/jdk.internal.reflect.DelegatingConstructorAccessorImpl.newInstance(DelegatingConstructorAccessorImpl.java:45)\r\n\tat java.base/java.lang.reflect.Constructor.newInstance(Constructor.java:490)\r\n\tat org.openqa.selenium.remote.codec.w3c.W3CHttpResponseCodec.createException(W3CHttpResponseCodec.java:200)\r\n\tat org.openqa.selenium.remote.codec.w3c.W3CHttpResponseCodec.decode(W3CHttpResponseCodec.java:133)\r\n\tat org.openqa.selenium.remote.codec.w3c.W3CHttpResponseCodec.decode(W3CHttpResponseCodec.java:52)\r\n\tat org.openqa.selenium.remote.HttpCommandExecutor.execute(HttpCommandExecutor.java:191)\r\n\tat org.openqa.selenium.remote.service.DriverCommandExecutor.invokeExecute(DriverCommandExecutor.java:196)\r\n\tat org.openqa.selenium.remote.service.DriverCommandExecutor.execute(DriverCommandExecutor.java:171)\r\n\tat org.openqa.selenium.remote.RemoteWebDriver.execute(RemoteWebDriver.java:602)\r\n\tat org.openqa.selenium.remote.ElementLocation$ElementFinder$2.findElement(ElementLocation.java:165)\r\n\tat org.openqa.selenium.remote.ElementLocation.findElement(ElementLocation.java:59)\r\n\tat org.openqa.selenium.remote.RemoteWebDriver.findElement(RemoteWebDriver.java:359)\r\n\tat org.openqa.selenium.remote.RemoteWebDriver.findElement(RemoteWebDriver.java:353)\r\n\tat UIWrapper.DisneyWorldWrapper$1.apply(DisneyWorldWrapper.java:215)\r\n\tat UIWrapper.DisneyWorldWrapper$1.apply(DisneyWorldWrapper.java:213)\r\n\tat org.openqa.selenium.support.ui.FluentWait.until(FluentWait.java:205)\r\n\tat UIWrapper.DisneyWorldWrapper.fluentWaitForElement(DisneyWorldWrapper.java:213)\r\n\tat stepDefinition.FriendsAndFamilySteps.click_add_a_guest_then_click_disney_account_and_create_account(FriendsAndFamilySteps.java:61)\r\n\tat java.base/jdk.internal.reflect.NativeMethodAccessorImpl.invoke0(Native Method)\r\n\tat java.base/jdk.internal.reflect.NativeMethodAccessorImpl.invoke(NativeMethodAccessorImpl.java:62)\r\n\tat java.base/jdk.internal.reflect.DelegatingMethodAccessorImpl.invoke(DelegatingMethodAccessorImpl.java:43)\r\n\tat java.base/java.lang.reflect.Method.invoke(Method.java:566)\r\n\tat io.cucumber.java.Invoker.doInvoke(Invoker.java:66)\r\n\tat io.cucumber.java.Invoker.invoke(Invoker.java:24)\r\n\tat io.cucumber.java.AbstractGlueDefinition.invokeMethod(AbstractGlueDefinition.java:47)\r\n\tat io.cucumber.java.JavaStepDefinition.execute(JavaStepDefinition.java:29)\r\n\tat io.cucumber.core.runner.CoreStepDefinition.execute(CoreStepDefinition.java:66)\r\n\tat io.cucumber.core.runner.PickleStepDefinitionMatch.runStep(PickleStepDefinitionMatch.java:63)\r\n\tat io.cucumber.core.runner.ExecutionMode$1.execute(ExecutionMode.java:10)\r\n\tat io.cucumber.core.runner.TestStep.executeStep(TestStep.java:84)\r\n\tat io.cucumber.core.runner.TestStep.run(TestStep.java:56)\r\n\tat io.cucumber.core.runner.PickleStepTestStep.run(PickleStepTestStep.java:51)\r\n\tat io.cucumber.core.runner.TestCase.run(TestCase.java:84)\r\n\tat io.cucumber.core.runner.Runner.runPickle(Runner.java:75)\r\n\tat io.cucumber.testng.TestNGCucumberRunner.lambda$runScenario$1(TestNGCucumberRunner.java:132)\r\n\tat io.cucumber.core.runtime.CucumberExecutionContext.lambda$runTestCase$5(CucumberExecutionContext.java:137)\r\n\tat io.cucumber.core.runtime.RethrowingThrowableCollector.executeAndThrow(RethrowingThrowableCollector.java:23)\r\n\tat io.cucumber.core.runtime.CucumberExecutionContext.runTestCase(CucumberExecutionContext.java:137)\r\n\tat io.cucumber.testng.TestNGCucumberRunner.runScenario(TestNGCucumberRunner.java:129)\r\n\tat Core.TestSuiteInitialization.feature(TestSuiteInitialization.java:174)\r\n\tat jdk.internal.reflect.GeneratedMethodAccessor149.invoke(Unknown Source)\r\n\tat java.base/jdk.internal.reflect.DelegatingMethodAccessorImpl.invoke(DelegatingMethodAccessorImpl.java:43)\r\n\tat java.base/java.lang.reflect.Method.invoke(Method.java:566)\r\n\tat org.testng.internal.invokers.MethodInvocationHelper.invokeMethod(MethodInvocationHelper.java:139)\r\n\tat org.testng.internal.invokers.TestInvoker.invokeMethod(TestInvoker.java:664)\r\n\tat org.testng.internal.invokers.TestInvoker.retryFailed(TestInvoker.java:249)\r\n\tat org.testng.internal.invokers.MethodRunner.runInSequence(MethodRunner.java:76)\r\n\tat org.testng.internal.invokers.TestInvoker$MethodInvocationAgent.invoke(TestInvoker.java:961)\r\n\tat org.testng.internal.invokers.TestInvoker.invokeTestMethods(TestInvoker.java:201)\r\n\tat org.testng.internal.invokers.TestMethodWorker.invokeTestMethods(TestMethodWorker.java:148)\r\n\tat org.testng.internal.invokers.TestMethodWorker.run(TestMethodWorker.java:128)\r\n\tat java.base/java.util.concurrent.Executors$RunnableAdapter.call(Executors.java:515)\r\n\tat java.base/java.util.concurrent.FutureTask.run(FutureTask.java:264)\r\n\tat org.testng.internal.thread.graph.TestNGFutureTask.run(TestNGFutureTask.java:22)\r\n\tat java.base/java.util.concurrent.ThreadPoolExecutor.runWorker(ThreadPoolExecutor.java:1128)\r\n\tat java.base/java.util.concurrent.ThreadPoolExecutor$Worker.run(ThreadPoolExecutor.java:628)\r\n\tat java.base/java.lang.Thread.run(Thread.java:834)\r\n","duration":163665918200,"status":"failed"},"line":8,"name":"click Add a Guest then click Disney account and Create account","match":{"location":"stepDefinition.FriendsAndFamilySteps.click_add_a_guest_then_click_disney_account_and_create_account()"},"keyword":"And "},{"result":{"status":"skipped"},"line":9,"name":"enters title, firstname, lastname, age, email id and click done","match":{"location":"stepDefinition.FriendsAndFamilySteps.enters_title_firstname_lastname_age_and_click_done()"},"keyword":"And "},{"result":{"status":"skipped"},"line":10,"name":"user sign out Disney application","match":{"location":"stepDefinition.HomeSteps.user_sign_out_disney_application()"},"keyword":"When "},{"result":{"status":"skipped"},"line":11,"name":"again login to with \"disney123\"","match":{"arguments":[{"val":"\"disney123\"","offset":20}],"location":"stepDefinition.LoginSteps.again_login_by_entering_enter_and(java.lang.String)"},"keyword":"And "},{"result":{"status":"skipped"},"line":12,"name":"click on notification icon and click manage invites","match":{"location":"stepDefinition.HomeSteps.click_on_notification_icon_and_click_manage_invites()"},"keyword":"And "},{"result":{"duration":991100,"status":"skipped"},"line":13,"name":"check invite is received","match":{"location":"stepDefinition.HomeSteps.check_invite_is_received()"},"keyword":"Then "},{"result":{"status":"skipped"},"line":14,"name":"click Decline for multiple users","match":{"location":"stepDefinition.HomeSteps.click_decline_for_multiple_users()"},"keyword":"And "},{"result":{"status":"skipped"},"line":15,"name":"close the browser","match":{"location":"stepDefinition.HomeSteps.close_the_browser()"},"keyword":"And "}],"tags":[{"name":"@TestCaseKey=Decline_Multiple_Users"}]}],"name":"Verify user is able to Decline multiple users Friends and Family request","description":"","id":"verify-user-is-able-to-decline-multiple-users-friends-and-family-request","keyword":"Feature","uri":"file:resources/Features/DeclineMultipleUsers.feature","tags":[]}]