[{"line":1,"elements":[{"start_timestamp":"2024-04-26T09:07:23.118Z","line":4,"name":"Verify user is able to invite two guests in Friends and Family","description":"","id":"verify-user-is-able-to-invite-two-guests-in-friends-and-family;verify-user-is-able-to-invite-two-guests-in-friends-and-family","type":"scenario","keyword":"Scenario","steps":[{"result":{"duration":16713312800,"status":"passed"},"line":5,"name":"User is navigating to Disney application","match":{"location":"stepDefinition.HomeSteps.user_is_navigating_to_disney_application()"},"keyword":"Given "},{"result":{"duration":63948370800,"status":"passed"},"line":6,"name":"click on sign in and create new account","match":{"location":"stepDefinition.LoginSteps.click_on_sign_in_and_enter_and()"},"keyword":"When "},{"result":{"duration":21564815800,"status":"passed"},"line":7,"name":"scroll down and click Family list","match":{"location":"stepDefinition.FriendsAndFamilySteps.scroll_down_and_click_family_list()"},"keyword":"And "},{"result":{"error_message":"org.openqa.selenium.TimeoutException: Expected condition failed: waiting for UIWrapper.DisneyWorldWrapper$1@2b12f0f5 (tried for 140 second(s) with 5000 milliseconds interval)\r\n\tat org.openqa.selenium.support.ui.FluentWait.timeoutException(FluentWait.java:262)\r\n\tat org.openqa.selenium.support.ui.FluentWait.until(FluentWait.java:230)\r\n\tat UIWrapper.DisneyWorldWrapper.fluentWaitForElement(DisneyWorldWrapper.java:213)\r\n\tat stepDefinition.FriendsAndFamilySteps.click_add_a_guest_then_click_disney_account_and_create_account(FriendsAndFamilySteps.java:61)\r\n\tat ✽.click Add a Guest then click Disney account and Create account(file:///C:/selenium%20new/Friends%20and%20family/DisneyWorldProject/resources/Features/InviteTwoGuests.feature:8)\r\nCaused by: org.openqa.selenium.NoSuchElementException: no such element: Unable to locate element: {\"method\":\"xpath\",\"selector\":\"//a[@href=\"/profile/family-friends/add-managed-guest\"]\"}\n  (Session info: chrome=124.0.6367.61)\nFor documentation on this error, please visit: https://www.selenium.dev/documentation/webdriver/troubleshooting/errors#no-such-element-exception\nBuild info: version: '4.13.0', revision: 'ba948ece5b*'\nSystem info: os.name: 'Windows 10', os.arch: 'amd64', os.version: '10.0', java.version: '11.0.20'\nDriver info: org.openqa.selenium.chrome.ChromeDriver\nCommand: [ca2b25360d949782cfc6f1241d93d1b0, findElement {using=xpath, value=//a[@href=\"/profile/family-friends/add-managed-guest\"]}]\nCapabilities {acceptInsecureCerts: false, browserName: chrome, browserVersion: 124.0.6367.61, chrome: {chromedriverVersion: 124.0.6367.91 (51df0e5e17a8..., userDataDir: C:\\Users\\DELL\\AppData\\Local...}, fedcm:accounts: true, goog:chromeOptions: {debuggerAddress: localhost:51784}, networkConnectionEnabled: false, pageLoadStrategy: normal, platformName: windows, proxy: Proxy(), se:cdp: ws://localhost:51784/devtoo..., se:cdpVersion: 124.0.6367.61, setWindowRect: true, strictFileInteractability: false, timeouts: {implicit: 0, pageLoad: 300000, script: 30000}, unhandledPromptBehavior: dismiss and notify, webauthn:extension:credBlob: true, webauthn:extension:largeBlob: true, webauthn:extension:minPinLength: true, webauthn:extension:prf: true, webauthn:virtualAuthenticators: true}\nSession ID: ca2b25360d949782cfc6f1241d93d1b0\r\n\tat java.base/jdk.internal.reflect.NativeConstructorAccessorImpl.newInstance0(Native Method)\r\n\tat java.base/jdk.internal.reflect.NativeConstructorAccessorImpl.newInstance(NativeConstructorAccessorImpl.java:62)\r\n\tat java.base/jdk.internal.reflect.DelegatingConstructorAccessorImpl.newInstance(DelegatingConstructorAccessorImpl.java:45)\r\n\tat java.base/java.lang.reflect.Constructor.newInstance(Constructor.java:490)\r\n\tat org.openqa.selenium.remote.codec.w3c.W3CHttpResponseCodec.createException(W3CHttpResponseCodec.java:200)\r\n\tat org.openqa.selenium.remote.codec.w3c.W3CHttpResponseCodec.decode(W3CHttpResponseCodec.java:133)\r\n\tat org.openqa.selenium.remote.codec.w3c.W3CHttpResponseCodec.decode(W3CHttpResponseCodec.java:52)\r\n\tat org.openqa.selenium.remote.HttpCommandExecutor.execute(HttpCommandExecutor.java:191)\r\n\tat org.openqa.selenium.remote.service.DriverCommandExecutor.invokeExecute(DriverCommandExecutor.java:196)\r\n\tat org.openqa.selenium.remote.service.DriverCommandExecutor.execute(DriverCommandExecutor.java:171)\r\n\tat org.openqa.selenium.remote.RemoteWebDriver.execute(RemoteWebDriver.java:602)\r\n\tat org.openqa.selenium.remote.ElementLocation$ElementFinder$2.findElement(ElementLocation.java:165)\r\n\tat org.openqa.selenium.remote.ElementLocation.findElement(ElementLocation.java:59)\r\n\tat org.openqa.selenium.remote.RemoteWebDriver.findElement(RemoteWebDriver.java:359)\r\n\tat org.openqa.selenium.remote.RemoteWebDriver.findElement(RemoteWebDriver.java:353)\r\n\tat UIWrapper.DisneyWorldWrapper$1.apply(DisneyWorldWrapper.java:215)\r\n\tat UIWrapper.DisneyWorldWrapper$1.apply(DisneyWorldWrapper.java:213)\r\n\tat org.openqa.selenium.support.ui.FluentWait.until(FluentWait.java:205)\r\n\tat UIWrapper.DisneyWorldWrapper.fluentWaitForElement(DisneyWorldWrapper.java:213)\r\n\tat stepDefinition.FriendsAndFamilySteps.click_add_a_guest_then_click_disney_account_and_create_account(FriendsAndFamilySteps.java:61)\r\n\tat java.base/jdk.internal.reflect.NativeMethodAccessorImpl.invoke0(Native Method)\r\n\tat java.base/jdk.internal.reflect.NativeMethodAccessorImpl.invoke(NativeMethodAccessorImpl.java:62)\r\n\tat java.base/jdk.internal.reflect.DelegatingMethodAccessorImpl.invoke(DelegatingMethodAccessorImpl.java:43)\r\n\tat java.base/java.lang.reflect.Method.invoke(Method.java:566)\r\n\tat io.cucumber.java.Invoker.doInvoke(Invoker.java:66)\r\n\tat io.cucumber.java.Invoker.invoke(Invoker.java:24)\r\n\tat io.cucumber.java.AbstractGlueDefinition.invokeMethod(AbstractGlueDefinition.java:47)\r\n\tat io.cucumber.java.JavaStepDefinition.execute(JavaStepDefinition.java:29)\r\n\tat io.cucumber.core.runner.CoreStepDefinition.execute(CoreStepDefinition.java:66)\r\n\tat io.cucumber.core.runner.PickleStepDefinitionMatch.runStep(PickleStepDefinitionMatch.java:63)\r\n\tat io.cucumber.core.runner.ExecutionMode$1.execute(ExecutionMode.java:10)\r\n\tat io.cucumber.core.runner.TestStep.executeStep(TestStep.java:84)\r\n\tat io.cucumber.core.runner.TestStep.run(TestStep.java:56)\r\n\tat io.cucumber.core.runner.PickleStepTestStep.run(PickleStepTestStep.java:51)\r\n\tat io.cucumber.core.runner.TestCase.run(TestCase.java:84)\r\n\tat io.cucumber.core.runner.Runner.runPickle(Runner.java:75)\r\n\tat io.cucumber.testng.TestNGCucumberRunner.lambda$runScenario$1(TestNGCucumberRunner.java:132)\r\n\tat io.cucumber.core.runtime.CucumberExecutionContext.lambda$runTestCase$5(CucumberExecutionContext.java:137)\r\n\tat io.cucumber.core.runtime.RethrowingThrowableCollector.executeAndThrow(RethrowingThrowableCollector.java:23)\r\n\tat io.cucumber.core.runtime.CucumberExecutionContext.runTestCase(CucumberExecutionContext.java:137)\r\n\tat io.cucumber.testng.TestNGCucumberRunner.runScenario(TestNGCucumberRunner.java:129)\r\n\tat Core.TestSuiteInitialization.feature(TestSuiteInitialization.java:174)\r\n\tat java.base/jdk.internal.reflect.NativeMethodAccessorImpl.invoke0(Native Method)\r\n\tat java.base/jdk.internal.reflect.NativeMethodAccessorImpl.invoke(NativeMethodAccessorImpl.java:62)\r\n\tat java.base/jdk.internal.reflect.DelegatingMethodAccessorImpl.invoke(DelegatingMethodAccessorImpl.java:43)\r\n\tat java.base/java.lang.reflect.Method.invoke(Method.java:566)\r\n\tat org.testng.internal.invokers.MethodInvocationHelper.invokeMethod(MethodInvocationHelper.java:139)\r\n\tat org.testng.internal.invokers.TestInvoker.invokeMethod(TestInvoker.java:664)\r\n\tat org.testng.internal.invokers.TestInvoker.invokeTestMethod(TestInvoker.java:228)\r\n\tat org.testng.internal.invokers.MethodRunner.runInSequence(MethodRunner.java:63)\r\n\tat org.testng.internal.invokers.TestInvoker$MethodInvocationAgent.invoke(TestInvoker.java:961)\r\n\tat org.testng.internal.invokers.TestInvoker.invokeTestMethods(TestInvoker.java:201)\r\n\tat org.testng.internal.invokers.TestMethodWorker.invokeTestMethods(TestMethodWorker.java:148)\r\n\tat org.testng.internal.invokers.TestMethodWorker.run(TestMethodWorker.java:128)\r\n\tat java.base/java.util.concurrent.Executors$RunnableAdapter.call(Executors.java:515)\r\n\tat java.base/java.util.concurrent.FutureTask.run(FutureTask.java:264)\r\n\tat org.testng.internal.thread.graph.TestNGFutureTask.run(TestNGFutureTask.java:22)\r\n\tat java.base/java.util.concurrent.ThreadPoolExecutor.runWorker(ThreadPoolExecutor.java:1128)\r\n\tat java.base/java.util.concurrent.ThreadPoolExecutor$Worker.run(ThreadPoolExecutor.java:628)\r\n\tat java.base/java.lang.Thread.run(Thread.java:834)\r\n","duration":163599276100,"status":"failed"},"line":8,"name":"click Add a Guest then click Disney account and Create account","match":{"location":"stepDefinition.FriendsAndFamilySteps.click_add_a_guest_then_click_disney_account_and_create_account()"},"keyword":"And "},{"result":{"status":"skipped"},"line":9,"name":"enters title, firstname, lastname, age, email id and click done","match":{"location":"stepDefinition.FriendsAndFamilySteps.enters_title_firstname_lastname_age_and_click_done()"},"keyword":"And "},{"result":{"status":"skipped"},"line":10,"name":"click Add a Guest then click Disney account and Create account","match":{"location":"stepDefinition.FriendsAndFamilySteps.click_add_a_guest_then_click_disney_account_and_create_account()"},"keyword":"And "},{"result":{"duration":1001100,"status":"skipped"},"line":11,"name":"enters title, firstname, lastname, age, email id and click done for second time","match":{"location":"stepDefinition.FriendsAndFamilySteps.enters_title_firstname_lastname_age_and_click_done_for_second_time()"},"keyword":"And "},{"result":{"duration":1000100,"status":"skipped"},"line":12,"name":"click sent","match":{"location":"stepDefinition.FriendsAndFamilySteps.click_sent()"},"keyword":"And "},{"result":{"status":"skipped"},"line":13,"name":"cancel them","match":{"location":"stepDefinition.FriendsAndFamilySteps.cancel_them()"},"keyword":"And "},{"result":{"status":"skipped"},"line":14,"name":"user navigates to mailinator page","match":{"location":"stepDefinition.EmailSteps.user_navigates_to_mailinator_page()"},"keyword":"When "},{"result":{"status":"skipped"},"line":15,"name":"verify email is received","match":{"location":"stepDefinition.EmailSteps.verify_email_is_received()"},"keyword":"Then "},{"result":{"status":"skipped"},"line":16,"name":"user navigates to mailinator page for second time","match":{"location":"stepDefinition.EmailSteps.user_navigates_to_mailinator_page_for_second_time()"},"keyword":"When "},{"result":{"status":"skipped"},"line":17,"name":"verify email is received","match":{"location":"stepDefinition.EmailSteps.verify_email_is_received()"},"keyword":"Then "},{"result":{"status":"skipped"},"line":18,"name":"close the browser","match":{"location":"stepDefinition.HomeSteps.close_the_browser()"},"keyword":"And "}],"tags":[{"name":"@TestCaseKey=Disney_Invite_Two_Guests"}]},{"start_timestamp":"2024-04-26T09:11:49.683Z","line":4,"name":"Verify user is able to invite two guests in Friends and Family","description":"","id":"verify-user-is-able-to-invite-two-guests-in-friends-and-family;verify-user-is-able-to-invite-two-guests-in-friends-and-family","type":"scenario","keyword":"Scenario","steps":[{"result":{"duration":9436415500,"status":"passed"},"line":5,"name":"User is navigating to Disney application","match":{"location":"stepDefinition.HomeSteps.user_is_navigating_to_disney_application()"},"keyword":"Given "},{"result":{"duration":63946138100,"status":"passed"},"line":6,"name":"click on sign in and create new account","match":{"location":"stepDefinition.LoginSteps.click_on_sign_in_and_enter_and()"},"keyword":"When "},{"result":{"duration":17570961400,"status":"passed"},"line":7,"name":"scroll down and click Family list","match":{"location":"stepDefinition.FriendsAndFamilySteps.scroll_down_and_click_family_list()"},"keyword":"And "},{"result":{"error_message":"org.openqa.selenium.TimeoutException: Expected condition failed: waiting for UIWrapper.DisneyWorldWrapper$1@346b1e8d (tried for 140 second(s) with 5000 milliseconds interval)\r\n\tat org.openqa.selenium.support.ui.FluentWait.timeoutException(FluentWait.java:262)\r\n\tat org.openqa.selenium.support.ui.FluentWait.until(FluentWait.java:230)\r\n\tat UIWrapper.DisneyWorldWrapper.fluentWaitForElement(DisneyWorldWrapper.java:213)\r\n\tat stepDefinition.FriendsAndFamilySteps.click_add_a_guest_then_click_disney_account_and_create_account(FriendsAndFamilySteps.java:61)\r\n\tat ✽.click Add a Guest then click Disney account and Create account(file:///C:/selenium%20new/Friends%20and%20family/DisneyWorldProject/resources/Features/InviteTwoGuests.feature:8)\r\nCaused by: org.openqa.selenium.NoSuchElementException: no such element: Unable to locate element: {\"method\":\"xpath\",\"selector\":\"//a[@href=\"/profile/family-friends/add-managed-guest\"]\"}\n  (Session info: chrome=124.0.6367.61)\nFor documentation on this error, please visit: https://www.selenium.dev/documentation/webdriver/troubleshooting/errors#no-such-element-exception\nBuild info: version: '4.13.0', revision: 'ba948ece5b*'\nSystem info: os.name: 'Windows 10', os.arch: 'amd64', os.version: '10.0', java.version: '11.0.20'\nDriver info: org.openqa.selenium.chrome.ChromeDriver\nCommand: [d526a01e74fc49305bbf1330ca8e98aa, findElement {using=xpath, value=//a[@href=\"/profile/family-friends/add-managed-guest\"]}]\nCapabilities {acceptInsecureCerts: false, browserName: chrome, browserVersion: 124.0.6367.61, chrome: {chromedriverVersion: 124.0.6367.91 (51df0e5e17a8..., userDataDir: C:\\Users\\DELL\\AppData\\Local...}, fedcm:accounts: true, goog:chromeOptions: {debuggerAddress: localhost:51925}, networkConnectionEnabled: false, pageLoadStrategy: normal, platformName: windows, proxy: Proxy(), se:cdp: ws://localhost:51925/devtoo..., se:cdpVersion: 124.0.6367.61, setWindowRect: true, strictFileInteractability: false, timeouts: {implicit: 0, pageLoad: 300000, script: 30000}, unhandledPromptBehavior: dismiss and notify, webauthn:extension:credBlob: true, webauthn:extension:largeBlob: true, webauthn:extension:minPinLength: true, webauthn:extension:prf: true, webauthn:virtualAuthenticators: true}\nSession ID: d526a01e74fc49305bbf1330ca8e98aa\r\n\tat java.base/jdk.internal.reflect.NativeConstructorAccessorImpl.newInstance0(Native Method)\r\n\tat java.base/jdk.internal.reflect.NativeConstructorAccessorImpl.newInstance(NativeConstructorAccessorImpl.java:62)\r\n\tat java.base/jdk.internal.reflect.DelegatingConstructorAccessorImpl.newInstance(DelegatingConstructorAccessorImpl.java:45)\r\n\tat java.base/java.lang.reflect.Constructor.newInstance(Constructor.java:490)\r\n\tat org.openqa.selenium.remote.codec.w3c.W3CHttpResponseCodec.createException(W3CHttpResponseCodec.java:200)\r\n\tat org.openqa.selenium.remote.codec.w3c.W3CHttpResponseCodec.decode(W3CHttpResponseCodec.java:133)\r\n\tat org.openqa.selenium.remote.codec.w3c.W3CHttpResponseCodec.decode(W3CHttpResponseCodec.java:52)\r\n\tat org.openqa.selenium.remote.HttpCommandExecutor.execute(HttpCommandExecutor.java:191)\r\n\tat org.openqa.selenium.remote.service.DriverCommandExecutor.invokeExecute(DriverCommandExecutor.java:196)\r\n\tat org.openqa.selenium.remote.service.DriverCommandExecutor.execute(DriverCommandExecutor.java:171)\r\n\tat org.openqa.selenium.remote.RemoteWebDriver.execute(RemoteWebDriver.java:602)\r\n\tat org.openqa.selenium.remote.ElementLocation$ElementFinder$2.findElement(ElementLocation.java:165)\r\n\tat org.openqa.selenium.remote.ElementLocation.findElement(ElementLocation.java:59)\r\n\tat org.openqa.selenium.remote.RemoteWebDriver.findElement(RemoteWebDriver.java:359)\r\n\tat org.openqa.selenium.remote.RemoteWebDriver.findElement(RemoteWebDriver.java:353)\r\n\tat UIWrapper.DisneyWorldWrapper$1.apply(DisneyWorldWrapper.java:215)\r\n\tat UIWrapper.DisneyWorldWrapper$1.apply(DisneyWorldWrapper.java:213)\r\n\tat org.openqa.selenium.support.ui.FluentWait.until(FluentWait.java:205)\r\n\tat UIWrapper.DisneyWorldWrapper.fluentWaitForElement(DisneyWorldWrapper.java:213)\r\n\tat stepDefinition.FriendsAndFamilySteps.click_add_a_guest_then_click_disney_account_and_create_account(FriendsAndFamilySteps.java:61)\r\n\tat java.base/jdk.internal.reflect.NativeMethodAccessorImpl.invoke0(Native Method)\r\n\tat java.base/jdk.internal.reflect.NativeMethodAccessorImpl.invoke(NativeMethodAccessorImpl.java:62)\r\n\tat java.base/jdk.internal.reflect.DelegatingMethodAccessorImpl.invoke(DelegatingMethodAccessorImpl.java:43)\r\n\tat java.base/java.lang.reflect.Method.invoke(Method.java:566)\r\n\tat io.cucumber.java.Invoker.doInvoke(Invoker.java:66)\r\n\tat io.cucumber.java.Invoker.invoke(Invoker.java:24)\r\n\tat io.cucumber.java.AbstractGlueDefinition.invokeMethod(AbstractGlueDefinition.java:47)\r\n\tat io.cucumber.java.JavaStepDefinition.execute(JavaStepDefinition.java:29)\r\n\tat io.cucumber.core.runner.CoreStepDefinition.execute(CoreStepDefinition.java:66)\r\n\tat io.cucumber.core.runner.PickleStepDefinitionMatch.runStep(PickleStepDefinitionMatch.java:63)\r\n\tat io.cucumber.core.runner.ExecutionMode$1.execute(ExecutionMode.java:10)\r\n\tat io.cucumber.core.runner.TestStep.executeStep(TestStep.java:84)\r\n\tat io.cucumber.core.runner.TestStep.run(TestStep.java:56)\r\n\tat io.cucumber.core.runner.PickleStepTestStep.run(PickleStepTestStep.java:51)\r\n\tat io.cucumber.core.runner.TestCase.run(TestCase.java:84)\r\n\tat io.cucumber.core.runner.Runner.runPickle(Runner.java:75)\r\n\tat io.cucumber.testng.TestNGCucumberRunner.lambda$runScenario$1(TestNGCucumberRunner.java:132)\r\n\tat io.cucumber.core.runtime.CucumberExecutionContext.lambda$runTestCase$5(CucumberExecutionContext.java:137)\r\n\tat io.cucumber.core.runtime.RethrowingThrowableCollector.executeAndThrow(RethrowingThrowableCollector.java:23)\r\n\tat io.cucumber.core.runtime.CucumberExecutionContext.runTestCase(CucumberExecutionContext.java:137)\r\n\tat io.cucumber.testng.TestNGCucumberRunner.runScenario(TestNGCucumberRunner.java:129)\r\n\tat Core.TestSuiteInitialization.feature(TestSuiteInitialization.java:174)\r\n\tat java.base/jdk.internal.reflect.NativeMethodAccessorImpl.invoke0(Native Method)\r\n\tat java.base/jdk.internal.reflect.NativeMethodAccessorImpl.invoke(NativeMethodAccessorImpl.java:62)\r\n\tat java.base/jdk.internal.reflect.DelegatingMethodAccessorImpl.invoke(DelegatingMethodAccessorImpl.java:43)\r\n\tat java.base/java.lang.reflect.Method.invoke(Method.java:566)\r\n\tat org.testng.internal.invokers.MethodInvocationHelper.invokeMethod(MethodInvocationHelper.java:139)\r\n\tat org.testng.internal.invokers.TestInvoker.invokeMethod(TestInvoker.java:664)\r\n\tat org.testng.internal.invokers.TestInvoker.retryFailed(TestInvoker.java:249)\r\n\tat org.testng.internal.invokers.MethodRunner.runInSequence(MethodRunner.java:76)\r\n\tat org.testng.internal.invokers.TestInvoker$MethodInvocationAgent.invoke(TestInvoker.java:961)\r\n\tat org.testng.internal.invokers.TestInvoker.invokeTestMethods(TestInvoker.java:201)\r\n\tat org.testng.internal.invokers.TestMethodWorker.invokeTestMethods(TestMethodWorker.java:148)\r\n\tat org.testng.internal.invokers.TestMethodWorker.run(TestMethodWorker.java:128)\r\n\tat java.base/java.util.concurrent.Executors$RunnableAdapter.call(Executors.java:515)\r\n\tat java.base/java.util.concurrent.FutureTask.run(FutureTask.java:264)\r\n\tat org.testng.internal.thread.graph.TestNGFutureTask.run(TestNGFutureTask.java:22)\r\n\tat java.base/java.util.concurrent.ThreadPoolExecutor.runWorker(ThreadPoolExecutor.java:1128)\r\n\tat java.base/java.util.concurrent.ThreadPoolExecutor$Worker.run(ThreadPoolExecutor.java:628)\r\n\tat java.base/java.lang.Thread.run(Thread.java:834)\r\n","duration":163964388900,"status":"failed"},"line":8,"name":"click Add a Guest then click Disney account and Create account","match":{"location":"stepDefinition.FriendsAndFamilySteps.click_add_a_guest_then_click_disney_account_and_create_account()"},"keyword":"And "},{"result":{"status":"skipped"},"line":9,"name":"enters title, firstname, lastname, age, email id and click done","match":{"location":"stepDefinition.FriendsAndFamilySteps.enters_title_firstname_lastname_age_and_click_done()"},"keyword":"And "},{"result":{"status":"skipped"},"line":10,"name":"click Add a Guest then click Disney account and Create account","match":{"location":"stepDefinition.FriendsAndFamilySteps.click_add_a_guest_then_click_disney_account_and_create_account()"},"keyword":"And "},{"result":{"duration":998700,"status":"skipped"},"line":11,"name":"enters title, firstname, lastname, age, email id and click done for second time","match":{"location":"stepDefinition.FriendsAndFamilySteps.enters_title_firstname_lastname_age_and_click_done_for_second_time()"},"keyword":"And "},{"result":{"status":"skipped"},"line":12,"name":"click sent","match":{"location":"stepDefinition.FriendsAndFamilySteps.click_sent()"},"keyword":"And "},{"result":{"duration":1004100,"status":"skipped"},"line":13,"name":"cancel them","match":{"location":"stepDefinition.FriendsAndFamilySteps.cancel_them()"},"keyword":"And "},{"result":{"duration":999000,"status":"skipped"},"line":14,"name":"user navigates to mailinator page","match":{"location":"stepDefinition.EmailSteps.user_navigates_to_mailinator_page()"},"keyword":"When "},{"result":{"status":"skipped"},"line":15,"name":"verify email is received","match":{"location":"stepDefinition.EmailSteps.verify_email_is_received()"},"keyword":"Then "},{"result":{"status":"skipped"},"line":16,"name":"user navigates to mailinator page for second time","match":{"location":"stepDefinition.EmailSteps.user_navigates_to_mailinator_page_for_second_time()"},"keyword":"When "},{"result":{"status":"skipped"},"line":17,"name":"verify email is received","match":{"location":"stepDefinition.EmailSteps.verify_email_is_received()"},"keyword":"Then "},{"result":{"status":"skipped"},"line":18,"name":"close the browser","match":{"location":"stepDefinition.HomeSteps.close_the_browser()"},"keyword":"And "}],"tags":[{"name":"@TestCaseKey=Disney_Invite_Two_Guests"}]}],"name":"Verify user is able to invite two guests in Friends and Family","description":"","id":"verify-user-is-able-to-invite-two-guests-in-friends-and-family","keyword":"Feature","uri":"file:resources/Features/InviteTwoGuests.feature","tags":[]}]